2020-11-16 17:40:09,982 DEBUG scheduler Queued events for site finance.branderaa.net
2020-11-16 17:41:10,154 DEBUG scheduler Queued events for site finance.branderaa.net
2020-11-16 17:42:10,319 DEBUG scheduler Queued events for site finance.branderaa.net
2020-11-16 17:43:10,485 DEBUG scheduler Queued events for site finance.branderaa.net
2020-11-16 17:44:10,654 DEBUG scheduler Queued events for site finance.branderaa.net
2020-11-16 17:45:10,814 DEBUG scheduler Queued events for site finance.branderaa.net
2020-11-16 17:46:10,983 DEBUG scheduler Queued events for site finance.branderaa.net
2020-11-16 17:47:11,151 DEBUG scheduler Queued events for site finance.branderaa.net
2020-11-16 17:48:11,318 DEBUG scheduler Queued events for site finance.branderaa.net
2020-11-16 17:49:11,486 DEBUG scheduler Queued events for site finance.branderaa.net
2020-11-16 17:50:11,653 DEBUG scheduler Queued events for site finance.branderaa.net
2020-11-16 17:51:11,817 DEBUG scheduler Queued events for site finance.branderaa.net
2020-11-16 17:52:11,972 DEBUG scheduler Queued events for site finance.branderaa.net
2020-11-16 17:53:12,141 DEBUG scheduler Queued events for site finance.branderaa.net
2020-11-16 17:54:12,308 DEBUG scheduler Queued events for site finance.branderaa.net
2020-11-16 17:55:12,474 DEBUG scheduler Queued events for site finance.branderaa.net
2020-11-16 17:56:12,640 DEBUG scheduler Queued events for site finance.branderaa.net
2020-11-16 17:57:12,805 DEBUG scheduler Queued events for site finance.branderaa.net
2020-11-16 17:58:12,968 DEBUG scheduler Queued events for site finance.branderaa.net
2020-11-16 17:59:13,129 DEBUG scheduler Queued events for site finance.branderaa.net
2020-11-16 18:00:13,286 DEBUG scheduler Queued events for site finance.branderaa.net
2020-11-16 18:01:13,453 DEBUG scheduler Queued events for site finance.branderaa.net
2020-11-16 18:02:13,620 DEBUG scheduler Queued events for site finance.branderaa.net
2020-11-16 18:03:13,788 DEBUG scheduler Queued events for site finance.branderaa.net
2020-11-16 18:04:13,953 DEBUG scheduler Queued events for site finance.branderaa.net
2020-11-16 18:05:14,119 DEBUG scheduler Queued events for site finance.branderaa.net
2020-11-16 18:06:14,278 DEBUG scheduler Queued events for site finance.branderaa.net
2020-11-16 18:07:14,443 DEBUG scheduler Queued events for site finance.branderaa.net
2020-11-16 18:08:14,613 DEBUG scheduler Queued events for site finance.branderaa.net
2020-11-16 18:09:14,778 DEBUG scheduler Queued events for site finance.branderaa.net
2020-11-16 18:10:14,942 DEBUG scheduler Queued events for site finance.branderaa.net
2020-11-16 18:11:15,107 DEBUG scheduler Queued events for site finance.branderaa.net
2020-11-16 18:12:15,274 DEBUG scheduler Queued events for site finance.branderaa.net
2020-11-16 18:13:15,445 DEBUG scheduler Queued events for site finance.branderaa.net
2020-11-16 18:14:15,609 DEBUG scheduler Queued events for site finance.branderaa.net
2020-11-16 18:15:15,771 DEBUG scheduler Queued events for site finance.branderaa.net
2020-11-16 18:16:15,936 DEBUG scheduler Queued events for site finance.branderaa.net
2020-11-16 18:17:16,102 DEBUG scheduler Queued events for site finance.branderaa.net
2020-11-16 18:18:16,264 DEBUG scheduler Queued events for site finance.branderaa.net
2020-11-16 18:19:16,430 DEBUG scheduler Queued events for site finance.branderaa.net
2020-11-16 18:20:16,594 DEBUG scheduler Queued events for site finance.branderaa.net
2020-11-16 18:21:16,758 DEBUG scheduler Queued events for site finance.branderaa.net
2020-11-16 18:22:16,921 DEBUG scheduler Queued events for site finance.branderaa.net
2020-11-16 18:23:17,075 DEBUG scheduler Queued events for site finance.branderaa.net
2020-11-16 18:24:17,241 DEBUG scheduler Queued events for site finance.branderaa.net
2020-11-16 18:25:17,408 DEBUG scheduler Queued events for site finance.branderaa.net
2020-11-16 18:26:17,558 DEBUG scheduler Queued events for site finance.branderaa.net
2020-11-16 18:27:17,724 DEBUG scheduler Queued events for site finance.branderaa.net
2020-11-16 18:28:17,889 DEBUG scheduler Queued events for site finance.branderaa.net
2020-11-16 18:29:18,056 DEBUG scheduler Queued events for site finance.branderaa.net
2020-11-16 18:30:18,216 DEBUG scheduler Queued events for site finance.branderaa.net
2020-11-16 18:31:18,383 DEBUG scheduler Queued events for site finance.branderaa.net
2020-11-16 18:32:18,553 DEBUG scheduler Queued events for site finance.branderaa.net
2020-11-16 18:33:18,716 DEBUG scheduler Queued events for site finance.branderaa.net
2020-11-16 18:34:18,880 DEBUG scheduler Queued events for site finance.branderaa.net
2020-11-16 18:35:19,046 DEBUG scheduler Queued events for site finance.branderaa.net
2020-11-16 18:36:19,212 DEBUG scheduler Queued events for site finance.branderaa.net
2020-11-16 18:37:19,356 DEBUG scheduler Queued events for site finance.branderaa.net
2020-11-16 18:38:19,520 DEBUG scheduler Queued events for site finance.branderaa.net
2020-11-16 18:39:19,683 DEBUG scheduler Queued events for site finance.branderaa.net
2020-11-16 18:40:19,851 DEBUG scheduler Queued events for site finance.branderaa.net
2020-11-16 18:41:20,023 DEBUG scheduler Queued events for site finance.branderaa.net
2020-11-16 18:42:20,191 DEBUG scheduler Queued events for site finance.branderaa.net
2020-11-16 18:43:20,359 DEBUG scheduler Queued events for site finance.branderaa.net
2020-11-16 18:44:20,523 DEBUG scheduler Queued events for site finance.branderaa.net
2020-11-16 18:45:20,682 DEBUG scheduler Queued events for site finance.branderaa.net
2020-11-16 18:46:20,851 DEBUG scheduler Queued events for site finance.branderaa.net
2020-11-16 18:47:21,018 DEBUG scheduler Queued events for site finance.branderaa.net
2020-11-16 18:48:21,186 DEBUG scheduler Queued events for site finance.branderaa.net
2020-11-16 18:49:21,353 DEBUG scheduler Queued events for site finance.branderaa.net
2020-11-16 18:50:21,518 DEBUG scheduler Queued events for site finance.branderaa.net
2020-11-16 18:51:21,684 DEBUG scheduler Queued events for site finance.branderaa.net
2020-11-16 18:52:21,850 DEBUG scheduler Queued events for site finance.branderaa.net
2020-11-16 18:53:22,019 DEBUG scheduler Queued events for site finance.branderaa.net
2020-11-16 18:54:22,187 DEBUG scheduler Queued events for site finance.branderaa.net
2020-11-16 18:55:22,354 DEBUG scheduler Queued events for site finance.branderaa.net
2020-11-16 18:56:22,519 DEBUG scheduler Queued events for site finance.branderaa.net
2020-11-16 18:57:22,686 DEBUG scheduler Queued events for site finance.branderaa.net
2020-11-16 18:58:22,851 DEBUG scheduler Queued events for site finance.branderaa.net
2020-11-16 18:59:23,019 DEBUG scheduler Queued events for site finance.branderaa.net
2020-11-16 19:00:23,185 DEBUG scheduler Queued events for site finance.branderaa.net
2020-11-16 19:01:23,338 DEBUG scheduler Queued events for site finance.branderaa.net
2020-11-16 19:02:23,503 DEBUG scheduler Queued events for site finance.branderaa.net
2020-11-16 19:03:23,670 DEBUG scheduler Queued events for site finance.branderaa.net
2020-11-16 19:04:23,838 DEBUG scheduler Queued events for site finance.branderaa.net
2020-11-16 19:05:24,007 DEBUG scheduler Queued events for site finance.branderaa.net
2020-11-16 19:06:24,174 DEBUG scheduler Queued events for site finance.branderaa.net
2020-11-16 19:07:24,342 DEBUG scheduler Queued events for site finance.branderaa.net
2020-11-16 19:08:24,487 DEBUG scheduler Queued events for site finance.branderaa.net
2020-11-16 19:09:24,650 DEBUG scheduler Queued events for site finance.branderaa.net
2020-11-16 19:10:24,818 DEBUG scheduler Queued events for site finance.branderaa.net
2020-11-16 19:11:24,984 DEBUG scheduler Queued events for site finance.branderaa.net
2020-11-16 19:12:25,153 DEBUG scheduler Queued events for site finance.branderaa.net
2020-11-16 19:13:25,318 DEBUG scheduler Queued events for site finance.branderaa.net
2020-11-16 19:14:25,483 DEBUG scheduler Queued events for site finance.branderaa.net
2020-11-16 19:15:25,618 DEBUG scheduler Queued events for site finance.branderaa.net
2020-11-16 19:16:25,785 DEBUG scheduler Queued events for site finance.branderaa.net
2020-11-16 19:17:25,951 DEBUG scheduler Queued events for site finance.branderaa.net
2020-11-16 19:18:26,114 DEBUG scheduler Queued events for site finance.branderaa.net
2020-11-16 19:19:26,279 DEBUG scheduler Queued events for site finance.branderaa.net
2020-11-16 19:20:26,446 DEBUG scheduler Queued events for site finance.branderaa.net
2020-11-16 19:21:26,612 DEBUG scheduler Queued events for site finance.branderaa.net
2020-11-16 19:22:26,770 DEBUG scheduler Queued events for site finance.branderaa.net
2020-11-16 19:23:26,936 DEBUG scheduler Queued events for site finance.branderaa.net
2020-11-16 19:24:27,101 DEBUG scheduler Queued events for site finance.branderaa.net
2020-11-16 19:25:27,268 DEBUG scheduler Queued events for site finance.branderaa.net
2020-11-16 19:26:27,430 DEBUG scheduler Queued events for site finance.branderaa.net
2020-11-16 19:27:27,594 DEBUG scheduler Queued events for site finance.branderaa.net
2020-11-16 19:28:27,760 DEBUG scheduler Queued events for site finance.branderaa.net
2020-11-16 19:29:27,909 DEBUG scheduler Queued events for site finance.branderaa.net
2020-11-16 19:30:28,075 DEBUG scheduler Queued events for site finance.branderaa.net
2020-11-16 19:31:28,240 DEBUG scheduler Queued events for site finance.branderaa.net
2020-11-16 19:32:28,405 DEBUG scheduler Queued events for site finance.branderaa.net
2020-11-16 19:33:28,570 DEBUG scheduler Queued events for site finance.branderaa.net
2020-11-16 19:34:28,736 DEBUG scheduler Queued events for site finance.branderaa.net
2020-11-16 19:35:28,902 DEBUG scheduler Queued events for site finance.branderaa.net
2020-11-16 19:36:29,083 DEBUG scheduler Queued events for site finance.branderaa.net
2020-11-16 19:37:29,247 DEBUG scheduler Queued events for site finance.branderaa.net
2020-11-16 19:38:29,410 DEBUG scheduler Queued events for site finance.branderaa.net
2020-11-16 19:39:29,576 DEBUG scheduler Queued events for site finance.branderaa.net
2020-11-16 19:40:29,743 DEBUG scheduler Queued events for site finance.branderaa.net
2020-11-16 19:41:29,906 DEBUG scheduler Queued events for site finance.branderaa.net
2020-11-16 19:42:30,077 DEBUG scheduler Queued events for site finance.branderaa.net
2020-11-16 19:43:30,246 DEBUG scheduler Queued events for site finance.branderaa.net
2020-11-16 19:44:30,413 DEBUG scheduler Queued events for site finance.branderaa.net
2020-11-16 19:45:30,581 DEBUG scheduler Queued events for site finance.branderaa.net
2020-11-16 19:46:30,745 DEBUG scheduler Queued events for site finance.branderaa.net
2020-11-16 19:47:30,911 DEBUG scheduler Queued events for site finance.branderaa.net
2020-11-16 19:48:31,080 DEBUG scheduler Queued events for site finance.branderaa.net
2020-11-16 19:49:31,247 DEBUG scheduler Queued events for site finance.branderaa.net
2020-11-16 19:50:31,417 DEBUG scheduler Queued events for site finance.branderaa.net
2020-11-16 19:51:31,583 DEBUG scheduler Queued events for site finance.branderaa.net
2020-11-16 19:52:31,752 DEBUG scheduler Queued events for site finance.branderaa.net
2020-11-16 19:53:31,905 DEBUG scheduler Queued events for site finance.branderaa.net
2020-11-16 19:54:32,074 DEBUG scheduler Queued events for site finance.branderaa.net
2020-11-16 19:55:32,236 DEBUG scheduler Queued events for site finance.branderaa.net
2020-11-16 19:56:32,401 DEBUG scheduler Queued events for site finance.branderaa.net
2020-11-16 19:57:32,564 DEBUG scheduler Queued events for site finance.branderaa.net
2020-11-16 19:58:32,734 DEBUG scheduler Queued events for site finance.branderaa.net
2020-11-16 19:59:32,901 DEBUG scheduler Queued events for site finance.branderaa.net
2020-11-16 20:00:33,052 DEBUG scheduler Queued events for site finance.branderaa.net
2020-11-16 20:01:33,216 DEBUG scheduler Queued events for site finance.branderaa.net
2020-11-16 20:02:33,379 DEBUG scheduler Queued events for site finance.branderaa.net
2020-11-16 20:03:33,544 DEBUG scheduler Queued events for site finance.branderaa.net
2020-11-16 20:04:33,708 DEBUG scheduler Queued events for site finance.branderaa.net
2020-11-16 20:05:33,876 DEBUG scheduler Queued events for site finance.branderaa.net
2020-11-16 20:06:34,041 DEBUG scheduler Queued events for site finance.branderaa.net
2020-11-16 20:07:34,184 DEBUG scheduler Queued events for site finance.branderaa.net
2020-11-16 20:08:34,353 DEBUG scheduler Queued events for site finance.branderaa.net
2020-11-16 20:09:34,515 DEBUG scheduler Queued events for site finance.branderaa.net
2020-11-16 20:10:34,682 DEBUG scheduler Queued events for site finance.branderaa.net
2020-11-16 20:11:34,850 DEBUG scheduler Queued events for site finance.branderaa.net
2020-11-16 20:12:35,016 DEBUG scheduler Queued events for site finance.branderaa.net
2020-11-16 20:13:35,181 DEBUG scheduler Queued events for site finance.branderaa.net
2020-11-16 20:14:35,345 DEBUG scheduler Queued events for site finance.branderaa.net
2020-11-16 20:15:35,510 DEBUG scheduler Queued events for site finance.branderaa.net
2020-11-16 20:16:35,677 DEBUG scheduler Queued events for site finance.branderaa.net
2020-11-16 20:17:35,844 DEBUG scheduler Queued events for site finance.branderaa.net
2020-11-16 20:18:36,010 DEBUG scheduler Queued events for site finance.branderaa.net
2020-11-16 20:19:36,174 DEBUG scheduler Queued events for site finance.branderaa.net
2020-11-16 20:20:36,338 DEBUG scheduler Queued events for site finance.branderaa.net
2020-11-16 20:21:36,504 DEBUG scheduler Queued events for site finance.branderaa.net
2020-11-16 20:22:36,668 DEBUG scheduler Queued events for site finance.branderaa.net
2020-11-16 20:23:36,834 DEBUG scheduler Queued events for site finance.branderaa.net
2020-11-16 20:24:37,038 DEBUG scheduler Queued events for site finance.branderaa.net
2020-11-16 20:25:37,200 DEBUG scheduler Queued events for site finance.branderaa.net
2020-11-16 20:26:37,367 DEBUG scheduler Queued events for site finance.branderaa.net
2020-11-16 20:27:37,533 DEBUG scheduler Queued events for site finance.branderaa.net
2020-11-16 20:28:37,698 DEBUG scheduler Queued events for site finance.branderaa.net
2020-11-16 20:29:37,859 DEBUG scheduler Queued events for site finance.branderaa.net
2020-11-16 20:30:38,027 DEBUG scheduler Queued events for site finance.branderaa.net
2020-11-16 20:31:38,192 DEBUG scheduler Queued events for site finance.branderaa.net
2020-11-16 20:32:38,358 DEBUG scheduler Queued events for site finance.branderaa.net
2020-11-16 20:33:38,520 DEBUG scheduler Queued events for site finance.branderaa.net
2020-11-16 20:34:38,684 DEBUG scheduler Queued events for site finance.branderaa.net
2020-11-16 20:35:38,843 DEBUG scheduler Queued events for site finance.branderaa.net
2020-11-16 20:36:39,007 DEBUG scheduler Queued events for site finance.branderaa.net
2020-11-16 20:37:39,173 DEBUG scheduler Queued events for site finance.branderaa.net
2020-11-16 20:38:39,338 DEBUG scheduler Queued events for site finance.branderaa.net
2020-11-16 20:39:39,500 DEBUG scheduler Queued events for site finance.branderaa.net
2020-11-16 20:40:39,666 DEBUG scheduler Queued events for site finance.branderaa.net
2020-11-16 20:41:39,816 DEBUG scheduler Queued events for site finance.branderaa.net
2020-11-16 20:42:39,975 DEBUG scheduler Queued events for site finance.branderaa.net
2020-11-16 20:43:40,141 DEBUG scheduler Queued events for site finance.branderaa.net
2020-11-16 20:44:40,305 DEBUG scheduler Queued events for site finance.branderaa.net
2020-11-16 20:45:40,467 DEBUG scheduler Queued events for site finance.branderaa.net
2020-11-16 20:46:40,633 DEBUG scheduler Queued events for site finance.branderaa.net
2020-11-16 20:47:40,799 DEBUG scheduler Queued events for site finance.branderaa.net
2020-11-16 20:48:40,972 DEBUG scheduler Queued events for site finance.branderaa.net
2020-11-16 20:49:41,137 DEBUG scheduler Queued events for site finance.branderaa.net
2020-11-16 20:50:41,302 DEBUG scheduler Queued events for site finance.branderaa.net
2020-11-16 20:51:41,471 DEBUG scheduler Queued events for site finance.branderaa.net
2020-11-16 20:52:41,634 DEBUG scheduler Queued events for site finance.branderaa.net
2020-11-16 20:53:41,799 DEBUG scheduler Queued events for site finance.branderaa.net
2020-11-16 20:54:41,958 DEBUG scheduler Queued events for site finance.branderaa.net
2020-11-16 20:55:42,120 DEBUG scheduler Queued events for site finance.branderaa.net
2020-11-16 20:56:42,288 DEBUG scheduler Queued events for site finance.branderaa.net
2020-11-16 20:57:42,450 DEBUG scheduler Queued events for site finance.branderaa.net
2020-11-16 20:58:42,615 DEBUG scheduler Queued events for site finance.branderaa.net
2020-11-16 20:59:42,780 DEBUG scheduler Queued events for site finance.branderaa.net
2020-11-16 21:00:42,948 DEBUG scheduler Queued events for site finance.branderaa.net
2020-11-16 21:01:43,115 DEBUG scheduler Queued events for site finance.branderaa.net
2020-11-16 21:02:43,267 DEBUG scheduler Queued events for site finance.branderaa.net
2020-11-16 21:03:43,430 DEBUG scheduler Queued events for site finance.branderaa.net
2020-11-16 21:04:43,596 DEBUG scheduler Queued events for site finance.branderaa.net
2020-11-16 21:05:43,762 DEBUG scheduler Queued events for site finance.branderaa.net
2020-11-16 21:06:43,926 DEBUG scheduler Queued events for site finance.branderaa.net
2020-11-16 21:07:44,090 DEBUG scheduler Queued events for site finance.branderaa.net
2020-11-16 21:08:44,254 DEBUG scheduler Queued events for site finance.branderaa.net
2020-11-16 21:09:44,410 DEBUG scheduler Queued events for site finance.branderaa.net
2020-11-16 21:10:44,576 DEBUG scheduler Queued events for site finance.branderaa.net
2020-11-16 21:11:44,741 DEBUG scheduler Queued events for site finance.branderaa.net
2020-11-16 21:12:44,908 DEBUG scheduler Queued events for site finance.branderaa.net
2020-11-16 21:13:45,078 DEBUG scheduler Queued events for site finance.branderaa.net
2020-11-16 21:14:45,245 DEBUG scheduler Queued events for site finance.branderaa.net
2020-11-16 21:15:45,408 DEBUG scheduler Queued events for site finance.branderaa.net
2020-11-16 21:16:45,576 DEBUG scheduler Queued events for site finance.branderaa.net
2020-11-16 21:17:45,739 DEBUG scheduler Queued events for site finance.branderaa.net
2020-11-16 21:18:45,903 DEBUG scheduler Queued events for site finance.branderaa.net
2020-11-16 21:19:46,069 DEBUG scheduler Queued events for site finance.branderaa.net
2020-11-16 21:20:46,233 DEBUG scheduler Queued events for site finance.branderaa.net
2020-11-16 21:21:46,393 DEBUG scheduler Queued events for site finance.branderaa.net
2020-11-16 21:22:46,559 DEBUG scheduler Queued events for site finance.branderaa.net
2020-11-16 21:23:46,716 DEBUG scheduler Queued events for site finance.branderaa.net
2020-11-16 21:24:46,884 DEBUG scheduler Queued events for site finance.branderaa.net
2020-11-16 21:25:47,050 DEBUG scheduler Queued events for site finance.branderaa.net
2020-11-16 21:26:47,219 DEBUG scheduler Queued events for site finance.branderaa.net
2020-11-16 21:27:47,383 DEBUG scheduler Queued events for site finance.branderaa.net
2020-11-16 21:28:47,549 DEBUG scheduler Queued events for site finance.branderaa.net
2020-11-16 21:29:47,715 DEBUG scheduler Queued events for site finance.branderaa.net
2020-11-16 21:30:47,877 DEBUG scheduler Queued events for site finance.branderaa.net
2020-11-16 21:31:48,045 DEBUG scheduler Queued events for site finance.branderaa.net
2020-11-16 21:32:48,212 DEBUG scheduler Queued events for site finance.branderaa.net
2020-11-16 21:33:48,377 DEBUG scheduler Queued events for site finance.branderaa.net
2020-11-16 21:34:48,540 DEBUG scheduler Queued events for site finance.branderaa.net
2020-11-16 21:35:48,707 DEBUG scheduler Queued events for site finance.branderaa.net
2020-11-16 21:36:48,875 DEBUG scheduler Queued events for site finance.branderaa.net
2020-11-16 21:37:49,042 DEBUG scheduler Queued events for site finance.branderaa.net
2020-11-16 21:38:49,207 DEBUG scheduler Queued events for site finance.branderaa.net
2020-11-16 21:39:49,370 DEBUG scheduler Queued events for site finance.branderaa.net
2020-11-16 21:40:49,535 DEBUG scheduler Queued events for site finance.branderaa.net
2020-11-16 21:41:49,703 DEBUG scheduler Queued events for site finance.branderaa.net
2020-11-16 21:42:49,870 DEBUG scheduler Queued events for site finance.branderaa.net
2020-11-16 21:43:50,041 DEBUG scheduler Queued events for site finance.branderaa.net
2020-11-16 21:44:50,213 DEBUG scheduler Queued events for site finance.branderaa.net
2020-11-16 21:45:50,378 DEBUG scheduler Queued events for site finance.branderaa.net
2020-11-16 21:46:50,546 DEBUG scheduler Queued events for site finance.branderaa.net
2020-11-16 21:47:50,694 DEBUG scheduler Queued events for site finance.branderaa.net
2020-11-16 21:48:50,862 DEBUG scheduler Queued events for site finance.branderaa.net
2020-11-16 21:49:51,027 DEBUG scheduler Queued events for site finance.branderaa.net
2020-11-16 21:50:51,193 DEBUG scheduler Queued events for site finance.branderaa.net
2020-11-16 21:51:51,362 DEBUG scheduler Queued events for site finance.branderaa.net
2020-11-16 21:52:51,528 DEBUG scheduler Queued events for site finance.branderaa.net
2020-11-16 21:53:51,691 DEBUG scheduler Queued events for site finance.branderaa.net
2020-11-16 21:54:51,843 DEBUG scheduler Queued events for site finance.branderaa.net
2020-11-16 21:55:52,007 DEBUG scheduler Queued events for site finance.branderaa.net
2020-11-16 21:56:52,172 DEBUG scheduler Queued events for site finance.branderaa.net
2020-11-16 21:57:52,348 DEBUG scheduler Queued events for site finance.branderaa.net
2020-11-16 21:58:52,514 DEBUG scheduler Queued events for site finance.branderaa.net
2020-11-16 21:59:52,676 DEBUG scheduler Queued events for site finance.branderaa.net
2020-11-16 22:00:52,957 INFO scheduler Scheduled Job Start: frappe.integrations.doctype.google_drive.google_drive.daily_backup for finance.branderaa.net
2020-11-16 22:00:53,064 INFO scheduler Scheduled Job Start: frappe.core.doctype.prepared_report.prepared_report.delete_expired_prepared_reports for finance.branderaa.net
2020-11-16 22:00:53,285 INFO scheduler Scheduled Job Complete: frappe.integrations.doctype.google_drive.google_drive.daily_backup for finance.branderaa.net
2020-11-16 22:00:53,354 INFO scheduler Scheduled Job Complete: frappe.core.doctype.prepared_report.prepared_report.delete_expired_prepared_reports for finance.branderaa.net
2020-11-16 22:00:53,511 INFO scheduler Scheduled Job Start: frappe.integrations.doctype.s3_backup_settings.s3_backup_settings.take_backups_daily for finance.branderaa.net
2020-11-16 22:00:53,518 DEBUG scheduler Queued events for site finance.branderaa.net
2020-11-16 22:00:53,649 INFO scheduler Scheduled Job Start: frappe.email.doctype.unhandled_email.unhandled_email.remove_old_unhandled_emails for finance.branderaa.net
2020-11-16 22:00:53,772 INFO scheduler Scheduled Job Complete: frappe.integrations.doctype.s3_backup_settings.s3_backup_settings.take_backups_daily for finance.branderaa.net
2020-11-16 22:00:53,862 INFO scheduler Scheduled Job Complete: frappe.email.doctype.unhandled_email.unhandled_email.remove_old_unhandled_emails for finance.branderaa.net
2020-11-16 22:00:53,884 INFO scheduler Scheduled Job Start: frappe.utils.change_log.check_for_update for finance.branderaa.net
2020-11-16 22:00:54,003 INFO scheduler Scheduled Job Start: frappe.automation.doctype.auto_repeat.auto_repeat.set_auto_repeat_as_completed for finance.branderaa.net
2020-11-16 22:00:54,150 INFO scheduler Scheduled Job Failed: frappe.utils.change_log.check_for_update for finance.branderaa.net
2020-11-16 22:00:54,193 INFO scheduler Scheduled Job Complete: frappe.automation.doctype.auto_repeat.auto_repeat.set_auto_repeat_as_completed for finance.branderaa.net
2020-11-16 22:00:54,273 INFO scheduler Scheduled Job Start: frappe.integrations.doctype.dropbox_settings.dropbox_settings.take_backups_daily for finance.branderaa.net
2020-11-16 22:00:54,333 INFO scheduler Scheduled Job Start: frappe.automation.doctype.auto_repeat.auto_repeat.make_auto_repeat_entry for finance.branderaa.net
2020-11-16 22:00:54,537 INFO scheduler Scheduled Job Complete: frappe.automation.doctype.auto_repeat.auto_repeat.make_auto_repeat_entry for finance.branderaa.net
2020-11-16 22:00:54,581 INFO scheduler Scheduled Job Complete: frappe.integrations.doctype.dropbox_settings.dropbox_settings.take_backups_daily for finance.branderaa.net
2020-11-16 22:00:54,681 INFO scheduler Scheduled Job Start: frappe.integrations.doctype.google_contacts.google_contacts.sync for finance.branderaa.net
2020-11-16 22:00:54,877 INFO scheduler Scheduled Job Complete: frappe.integrations.doctype.google_contacts.google_contacts.sync for finance.branderaa.net
2020-11-16 22:00:55,016 INFO scheduler Scheduled Job Start: frappe.social.doctype.energy_point_settings.energy_point_settings.allocate_review_points for finance.branderaa.net
2020-11-16 22:00:55,196 INFO scheduler Scheduled Job Complete: frappe.social.doctype.energy_point_settings.energy_point_settings.allocate_review_points for finance.branderaa.net
2020-11-16 22:00:55,332 INFO scheduler Scheduled Job Start: frappe.desk.form.document_follow.send_daily_updates for finance.branderaa.net
2020-11-16 22:00:55,495 INFO scheduler Scheduled Job Complete: frappe.desk.form.document_follow.send_daily_updates for finance.branderaa.net
2020-11-16 22:00:55,632 INFO scheduler Scheduled Job Start: frappe.website.doctype.personal_data_deletion_request.personal_data_deletion_request.remove_unverified_record for finance.branderaa.net
2020-11-16 22:00:55,791 INFO scheduler Scheduled Job Complete: frappe.website.doctype.personal_data_deletion_request.personal_data_deletion_request.remove_unverified_record for finance.branderaa.net
2020-11-16 22:00:55,926 INFO scheduler Scheduled Job Start: frappe.core.doctype.activity_log.activity_log.clear_authentication_logs for finance.branderaa.net
2020-11-16 22:00:56,083 INFO scheduler Scheduled Job Complete: frappe.core.doctype.activity_log.activity_log.clear_authentication_logs for finance.branderaa.net
2020-11-16 22:00:56,219 INFO scheduler Scheduled Job Start: frappe.email.doctype.auto_email_report.auto_email_report.send_daily for finance.branderaa.net
2020-11-16 22:00:56,785 INFO scheduler Scheduled Job Complete: frappe.email.doctype.auto_email_report.auto_email_report.send_daily for finance.branderaa.net
2020-11-16 22:00:56,928 INFO scheduler Scheduled Job Start: frappe.utils.scheduler.restrict_scheduler_events_if_dormant for finance.branderaa.net
2020-11-16 22:00:57,085 INFO scheduler Scheduled Job Failed: frappe.utils.scheduler.restrict_scheduler_events_if_dormant for finance.branderaa.net
2020-11-16 22:00:57,225 INFO scheduler Scheduled Job Start: frappe.realtime.remove_old_task_logs for finance.branderaa.net
2020-11-16 22:00:57,377 INFO scheduler Scheduled Job Complete: frappe.realtime.remove_old_task_logs for finance.branderaa.net
2020-11-16 22:00:57,512 INFO scheduler Scheduled Job Start: frappe.email.doctype.notification.notification.trigger_daily_alerts for finance.branderaa.net
2020-11-16 22:00:57,681 INFO scheduler Scheduled Job Complete: frappe.email.doctype.notification.notification.trigger_daily_alerts for finance.branderaa.net
2020-11-16 22:00:57,817 INFO scheduler Scheduled Job Start: frappe.sessions.clear_expired_sessions for finance.branderaa.net
2020-11-16 22:00:57,969 INFO scheduler Scheduled Job Complete: frappe.sessions.clear_expired_sessions for finance.branderaa.net
2020-11-16 22:00:58,104 INFO scheduler Scheduled Job Start: frappe.desk.doctype.event.event.send_event_digest for finance.branderaa.net
2020-11-16 22:00:58,297 INFO scheduler Scheduled Job Complete: frappe.desk.doctype.event.event.send_event_digest for finance.branderaa.net
2020-11-16 22:00:58,434 INFO scheduler Scheduled Job Start: frappe.core.doctype.error_log.error_log.set_old_logs_as_seen for finance.branderaa.net
2020-11-16 22:00:58,593 INFO scheduler Scheduled Job Complete: frappe.core.doctype.error_log.error_log.set_old_logs_as_seen for finance.branderaa.net
2020-11-16 22:00:58,728 INFO scheduler Scheduled Job Start: frappe.desk.notifications.clear_notifications for finance.branderaa.net
2020-11-16 22:00:58,887 INFO scheduler Scheduled Job Complete: frappe.desk.notifications.clear_notifications for finance.branderaa.net
2020-11-16 22:00:59,025 INFO scheduler Scheduled Job Start: frappe.email.queue.clear_outbox for finance.branderaa.net
2020-11-16 22:00:59,195 INFO scheduler Scheduled Job Complete: frappe.email.queue.clear_outbox for finance.branderaa.net
2020-11-16 22:00:59,340 INFO scheduler Scheduled Job Start: frappe.utils.password.delete_password_reset_cache for finance.branderaa.net
2020-11-16 22:00:59,494 INFO scheduler Scheduled Job Complete: frappe.utils.password.delete_password_reset_cache for finance.branderaa.net
2020-11-16 22:00:59,632 INFO scheduler Scheduled Job Start: frappe.email.doctype.newsletter.newsletter.send_scheduled_email for finance.branderaa.net
2020-11-16 22:00:59,854 INFO scheduler Scheduled Job Complete: frappe.email.doctype.newsletter.newsletter.send_scheduled_email for finance.branderaa.net
2020-11-16 22:00:59,992 INFO scheduler Scheduled Job Start: frappe.integrations.doctype.google_calendar.google_calendar.sync for finance.branderaa.net
2020-11-16 22:01:00,206 INFO scheduler Scheduled Job Complete: frappe.integrations.doctype.google_calendar.google_calendar.sync for finance.branderaa.net
2020-11-16 22:01:00,345 INFO scheduler Scheduled Job Start: frappe.desk.form.document_follow.send_hourly_updates for finance.branderaa.net
2020-11-16 22:01:00,509 INFO scheduler Scheduled Job Complete: frappe.desk.form.document_follow.send_hourly_updates for finance.branderaa.net
2020-11-16 22:01:00,654 INFO scheduler Scheduled Job Start: frappe.deferred_insert.save_to_db for finance.branderaa.net
2020-11-16 22:01:00,805 INFO scheduler Scheduled Job Complete: frappe.deferred_insert.save_to_db for finance.branderaa.net
2020-11-16 22:01:00,948 INFO scheduler Scheduled Job Start: frappe.desk.page.backups.backups.delete_downloadable_backups for finance.branderaa.net
2020-11-16 22:01:01,135 INFO scheduler Scheduled Job Complete: frappe.desk.page.backups.backups.delete_downloadable_backups for finance.branderaa.net
2020-11-16 22:01:01,275 INFO scheduler Scheduled Job Start: frappe.utils.error.collect_error_snapshots for finance.branderaa.net
2020-11-16 22:01:01,444 INFO scheduler Scheduled Job Complete: frappe.utils.error.collect_error_snapshots for finance.branderaa.net
2020-11-16 22:01:01,595 INFO scheduler Scheduled Job Start: frappe.model.utils.user_settings.sync_user_settings for finance.branderaa.net
2020-11-16 22:01:01,783 INFO scheduler Scheduled Job Complete: frappe.model.utils.user_settings.sync_user_settings for finance.branderaa.net
2020-11-16 22:01:01,956 INFO scheduler Scheduled Job Start: frappe.model.utils.link_count.update_link_count for finance.branderaa.net
2020-11-16 22:01:02,158 INFO scheduler Scheduled Job Complete: frappe.model.utils.link_count.update_link_count for finance.branderaa.net
2020-11-16 22:01:02,314 INFO scheduler Scheduled Job Start: frappe.monitor.flush for finance.branderaa.net
2020-11-16 22:01:02,375 INFO scheduler Scheduled Job Complete: frappe.monitor.flush for finance.branderaa.net
2020-11-16 22:01:02,507 INFO scheduler Scheduled Job Start: frappe.utils.global_search.sync_global_search for finance.branderaa.net
2020-11-16 22:01:02,565 INFO scheduler Scheduled Job Complete: frappe.utils.global_search.sync_global_search for finance.branderaa.net
2020-11-16 22:01:02,810 INFO scheduler Scheduled Job Start: frappe.integrations.doctype.razorpay_settings.razorpay_settings.capture_payment for finance.branderaa.net
2020-11-16 22:01:02,888 INFO scheduler Scheduled Job Complete: frappe.integrations.doctype.razorpay_settings.razorpay_settings.capture_payment for finance.branderaa.net
2020-11-16 22:01:03,017 INFO scheduler Scheduled Job Start: frappe.email.doctype.email_account.email_account.notify_unreplied for finance.branderaa.net
2020-11-16 22:01:03,126 INFO scheduler Scheduled Job Complete: frappe.email.doctype.email_account.email_account.notify_unreplied for finance.branderaa.net
2020-11-16 22:01:03,255 INFO scheduler Scheduled Job Start: frappe.email.doctype.email_account.email_account.pull for finance.branderaa.net
2020-11-16 22:01:03,378 INFO scheduler Scheduled Job Complete: frappe.email.doctype.email_account.email_account.pull for finance.branderaa.net
2020-11-16 22:01:03,506 INFO scheduler Scheduled Job Start: frappe.email.queue.flush for finance.branderaa.net
2020-11-16 22:01:03,581 INFO scheduler Scheduled Job Complete: frappe.email.queue.flush for finance.branderaa.net
2020-11-16 22:01:03,716 INFO scheduler Scheduled Job Start: frappe.twofactor.delete_all_barcodes_for_users for finance.branderaa.net
2020-11-16 22:01:03,920 INFO scheduler Scheduled Job Complete: frappe.twofactor.delete_all_barcodes_for_users for finance.branderaa.net
2020-11-16 22:01:04,063 INFO scheduler Scheduled Job Start: frappe.website.doctype.web_page.web_page.check_publish_status for finance.branderaa.net
2020-11-16 22:01:04,289 INFO scheduler Scheduled Job Complete: frappe.website.doctype.web_page.web_page.check_publish_status for finance.branderaa.net
2020-11-16 22:01:04,430 INFO scheduler Scheduled Job Start: frappe.oauth.delete_oauth2_data for finance.branderaa.net
2020-11-16 22:01:04,618 INFO scheduler Scheduled Job Complete: frappe.oauth.delete_oauth2_data for finance.branderaa.net
2020-11-16 22:01:53,734 DEBUG scheduler Queued events for site finance.branderaa.net
2020-11-16 22:02:53,897 DEBUG scheduler Queued events for site finance.branderaa.net
2020-11-16 22:03:54,064 DEBUG scheduler Queued events for site finance.branderaa.net
2020-11-16 22:04:54,230 DEBUG scheduler Queued events for site finance.branderaa.net
2020-11-16 22:05:54,393 DEBUG scheduler Queued events for site finance.branderaa.net
2020-11-16 22:06:54,560 DEBUG scheduler Queued events for site finance.branderaa.net
2020-11-16 22:07:54,725 DEBUG scheduler Queued events for site finance.branderaa.net
2020-11-16 22:08:54,894 DEBUG scheduler Queued events for site finance.branderaa.net
2020-11-16 22:09:55,060 DEBUG scheduler Queued events for site finance.branderaa.net
2020-11-16 22:10:55,225 DEBUG scheduler Queued events for site finance.branderaa.net
2020-11-16 22:11:55,392 DEBUG scheduler Queued events for site finance.branderaa.net
2020-11-16 22:12:55,550 DEBUG scheduler Queued events for site finance.branderaa.net
2020-11-16 22:13:55,700 DEBUG scheduler Queued events for site finance.branderaa.net
2020-11-16 22:14:55,865 DEBUG scheduler Queued events for site finance.branderaa.net
2020-11-16 22:15:56,027 DEBUG scheduler Queued events for site finance.branderaa.net
2020-11-16 22:16:56,201 DEBUG scheduler Queued events for site finance.branderaa.net
