Backup Summary for finance.branderaa.net at 2020-10-19 17:30:06.830094
Config  : ./finance.branderaa.net/private/backups/20201019_173005-finance_branderaa_net-site_config_backup.json 94.0B
Database: ./finance.branderaa.net/private/backups/20201019_173005-finance_branderaa_net-database.sql.gz 221.1KiB
Backup for Site finance.branderaa.net has been successfully completed
Backup Summary for finance2.branderaa.net at 2020-10-19 17:30:11.547149
Config  : ./finance2.branderaa.net/private/backups/20201019_173006-finance2_branderaa_net-site_config_backup.json 94.0B
Database: ./finance2.branderaa.net/private/backups/20201019_173006-finance2_branderaa_net-database.sql.gz 1.1MiB
Backup for Site finance2.branderaa.net has been successfully completed
Backup Summary for finance.branderaa.net at 2020-10-19 20:00:06.465070
Config  : ./finance.branderaa.net/private/backups/20201019_200005-finance_branderaa_net-site_config_backup.json 94.0B
Database: ./finance.branderaa.net/private/backups/20201019_200005-finance_branderaa_net-database.sql.gz 240.9KiB
Backup for Site finance.branderaa.net has been successfully completed
File is recent
File is recent
Backup Summary for finance2.branderaa.net at 2020-10-19 20:00:08.073904
Config  : ./finance2.branderaa.net/private/backups/20201019_200006-finance2_branderaa_net-site_config_backup.json 115.0B
Database: ./finance2.branderaa.net/private/backups/20201019_200006-finance2_branderaa_net-database.sql.gz 1.2MiB
Backup for Site finance2.branderaa.net has been successfully completed
Backup Summary for finance.branderaa.net at 2020-10-20 02:00:05.790995
Config  : ./finance.branderaa.net/private/backups/20201020_020005-finance_branderaa_net-site_config_backup.json 94.0B
Database: ./finance.branderaa.net/private/backups/20201020_020005-finance_branderaa_net-database.sql.gz 250.1KiB
Backup for Site finance.branderaa.net has been successfully completed
File is recent
File is recent
File is recent
File is recent
Backup Summary for finance2.branderaa.net at 2020-10-20 02:00:07.406315
Config  : ./finance2.branderaa.net/private/backups/20201020_020005-finance2_branderaa_net-site_config_backup.json 182.0B
Database: ./finance2.branderaa.net/private/backups/20201020_020005-finance2_branderaa_net-database.sql.gz 1.2MiB
Backup for Site finance2.branderaa.net has been successfully completed
Backup Summary for finance.branderaa.net at 2020-10-20 08:00:05.939528
Config  : ./finance.branderaa.net/private/backups/20201020_080005-finance_branderaa_net-site_config_backup.json 94.0B
Database: ./finance.branderaa.net/private/backups/20201020_080005-finance_branderaa_net-database.sql.gz 257.8KiB
Backup for Site finance.branderaa.net has been successfully completed
File is recent
File is recent
File is recent
File is recent
File is recent
File is recent
Backup Summary for finance2.branderaa.net at 2020-10-20 08:00:08.118820
Config  : ./finance2.branderaa.net/private/backups/20201020_080005-finance2_branderaa_net-site_config_backup.json 182.0B
Database: ./finance2.branderaa.net/private/backups/20201020_080005-finance2_branderaa_net-database.sql.gz 1.2MiB
Backup for Site finance2.branderaa.net has been successfully completed
Backup Summary for finance.branderaa.net at 2020-10-20 14:00:05.947515
Config  : ./finance.branderaa.net/private/backups/20201020_140004-finance_branderaa_net-site_config_backup.json 94.0B
Database: ./finance.branderaa.net/private/backups/20201020_140004-finance_branderaa_net-database.sql.gz 266.0KiB
Backup for Site finance.branderaa.net has been successfully completed
File is recent
File is recent
File is recent
File is recent
File is recent
File is recent
File is recent
Backup Summary for finance2.branderaa.net at 2020-10-20 14:00:07.540092
Config  : ./finance2.branderaa.net/private/backups/20201020_140005-finance2_branderaa_net-site_config_backup.json 182.0B
Database: ./finance2.branderaa.net/private/backups/20201020_140005-finance2_branderaa_net-database.sql.gz 1.3MiB
Backup for Site finance2.branderaa.net has been successfully completed
Backup Summary for finance.branderaa.net at 2020-10-20 20:00:06.196839
Config  : ./finance.branderaa.net/private/backups/20201020_200005-finance_branderaa_net-site_config_backup.json 94.0B
Database: ./finance.branderaa.net/private/backups/20201020_200005-finance_branderaa_net-database.sql.gz 273.7KiB
Backup for Site finance.branderaa.net has been successfully completed
File is recent
File is recent
File is old
File is recent
File is recent
File is recent
File is recent
File is recent
Backup Summary for finance2.branderaa.net at 2020-10-20 20:00:08.039459
Config  : ./finance2.branderaa.net/private/backups/20201020_200006-finance2_branderaa_net-site_config_backup.json 182.0B
Database: ./finance2.branderaa.net/private/backups/20201020_200006-finance2_branderaa_net-database.sql.gz 1.3MiB
Backup for Site finance2.branderaa.net has been successfully completed
Backup Summary for finance.branderaa.net at 2020-10-21 02:00:06.186928
Config  : ./finance.branderaa.net/private/backups/20201021_020004-finance_branderaa_net-site_config_backup.json 94.0B
Database: ./finance.branderaa.net/private/backups/20201021_020004-finance_branderaa_net-database.sql.gz 283.1KiB
Backup for Site finance.branderaa.net has been successfully completed
File is recent
File is recent
File is recent
File is old
File is recent
File is recent
File is recent
File is recent
Backup Summary for finance2.branderaa.net at 2020-10-21 02:00:07.900388
Config  : ./finance2.branderaa.net/private/backups/20201021_020006-finance2_branderaa_net-site_config_backup.json 182.0B
Database: ./finance2.branderaa.net/private/backups/20201021_020006-finance2_branderaa_net-database.sql.gz 1.3MiB
Backup for Site finance2.branderaa.net has been successfully completed
Backup Summary for finance.branderaa.net at 2020-10-21 08:00:05.529802
Config  : ./finance.branderaa.net/private/backups/20201021_080004-finance_branderaa_net-site_config_backup.json 94.0B
Database: ./finance.branderaa.net/private/backups/20201021_080004-finance_branderaa_net-database.sql.gz 291.1KiB
Backup for Site finance.branderaa.net has been successfully completed
File is recent
File is recent
File is recent
File is recent
File is old
File is recent
File is recent
File is recent
Backup Summary for finance2.branderaa.net at 2020-10-21 08:00:07.803419
Config  : ./finance2.branderaa.net/private/backups/20201021_080005-finance2_branderaa_net-site_config_backup.json 182.0B
Database: ./finance2.branderaa.net/private/backups/20201021_080005-finance2_branderaa_net-database.sql.gz 1.3MiB
Backup for Site finance2.branderaa.net has been successfully completed
Backup Summary for finance.branderaa.net at 2020-10-21 14:00:05.720111
Config  : ./finance.branderaa.net/private/backups/20201021_140004-finance_branderaa_net-site_config_backup.json 94.0B
Database: ./finance.branderaa.net/private/backups/20201021_140004-finance_branderaa_net-database.sql.gz 298.9KiB
Backup for Site finance.branderaa.net has been successfully completed
File is recent
File is old
File is recent
File is recent
File is recent
File is recent
File is recent
File is recent
Backup Summary for finance2.branderaa.net at 2020-10-21 14:00:07.419735
Config  : ./finance2.branderaa.net/private/backups/20201021_140005-finance2_branderaa_net-site_config_backup.json 182.0B
Database: ./finance2.branderaa.net/private/backups/20201021_140005-finance2_branderaa_net-database.sql.gz 1.4MiB
Backup for Site finance2.branderaa.net has been successfully completed
Backup Summary for finance.branderaa.net at 2020-10-21 20:00:06.159434
Config  : ./finance.branderaa.net/private/backups/20201021_200005-finance_branderaa_net-site_config_backup.json 94.0B
Database: ./finance.branderaa.net/private/backups/20201021_200005-finance_branderaa_net-database.sql.gz 306.7KiB
Backup for Site finance.branderaa.net has been successfully completed
File is recent
File is recent
File is recent
File is recent
File is recent
File is old
File is recent
File is recent
Backup Summary for finance2.branderaa.net at 2020-10-21 20:00:07.740572
Config  : ./finance2.branderaa.net/private/backups/20201021_200006-finance2_branderaa_net-site_config_backup.json 182.0B
Database: ./finance2.branderaa.net/private/backups/20201021_200006-finance2_branderaa_net-database.sql.gz 1.4MiB
Backup for Site finance2.branderaa.net has been successfully completed
Backup Summary for finance.branderaa.net at 2020-10-22 02:00:06.701617
Config  : ./finance.branderaa.net/private/backups/20201022_020005-finance_branderaa_net-site_config_backup.json 94.0B
Database: ./finance.branderaa.net/private/backups/20201022_020005-finance_branderaa_net-database.sql.gz 316.7KiB
Backup for Site finance.branderaa.net has been successfully completed
File is recent
File is recent
File is recent
File is recent
File is recent
File is recent
File is recent
File is old
Backup Summary for finance2.branderaa.net at 2020-10-22 02:00:08.368591
Config  : ./finance2.branderaa.net/private/backups/20201022_020006-finance2_branderaa_net-site_config_backup.json 182.0B
Database: ./finance2.branderaa.net/private/backups/20201022_020006-finance2_branderaa_net-database.sql.gz 1.4MiB
Backup for Site finance2.branderaa.net has been successfully completed
Backup Summary for finance.branderaa.net at 2020-10-22 08:00:05.926096
Config  : ./finance.branderaa.net/private/backups/20201022_080004-finance_branderaa_net-site_config_backup.json 94.0B
Database: ./finance.branderaa.net/private/backups/20201022_080004-finance_branderaa_net-database.sql.gz 324.4KiB
Backup for Site finance.branderaa.net has been successfully completed
File is recent
File is recent
File is recent
File is recent
File is recent
File is recent
File is recent
File is old
Backup Summary for finance2.branderaa.net at 2020-10-22 08:00:08.155141
Config  : ./finance2.branderaa.net/private/backups/20201022_080005-finance2_branderaa_net-site_config_backup.json 182.0B
Database: ./finance2.branderaa.net/private/backups/20201022_080005-finance2_branderaa_net-database.sql.gz 1.4MiB
Backup for Site finance2.branderaa.net has been successfully completed
Backup Summary for finance.branderaa.net at 2020-10-22 14:00:06.505715
Config  : ./finance.branderaa.net/private/backups/20201022_140005-finance_branderaa_net-site_config_backup.json 94.0B
Database: ./finance.branderaa.net/private/backups/20201022_140005-finance_branderaa_net-database.sql.gz 332.2KiB
Backup for Site finance.branderaa.net has been successfully completed
File is recent
File is recent
File is recent
File is recent
File is recent
File is recent
File is recent
File is old
Backup Summary for finance2.branderaa.net at 2020-10-22 14:00:08.266643
Config  : ./finance2.branderaa.net/private/backups/20201022_140006-finance2_branderaa_net-site_config_backup.json 182.0B
Database: ./finance2.branderaa.net/private/backups/20201022_140006-finance2_branderaa_net-database.sql.gz 1.5MiB
Backup for Site finance2.branderaa.net has been successfully completed
Backup Summary for finance.branderaa.net at 2020-10-22 20:00:05.800768
Config  : ./finance.branderaa.net/private/backups/20201022_200004-finance_branderaa_net-site_config_backup.json 94.0B
Database: ./finance.branderaa.net/private/backups/20201022_200004-finance_branderaa_net-database.sql.gz 340.1KiB
Backup for Site finance.branderaa.net has been successfully completed
File is recent
File is old
File is recent
File is recent
File is recent
File is recent
File is recent
File is recent
Backup Summary for finance2.branderaa.net at 2020-10-22 20:00:07.567461
Config  : ./finance2.branderaa.net/private/backups/20201022_200005-finance2_branderaa_net-site_config_backup.json 182.0B
Database: ./finance2.branderaa.net/private/backups/20201022_200005-finance2_branderaa_net-database.sql.gz 1.5MiB
Backup for Site finance2.branderaa.net has been successfully completed
Backup Summary for finance.branderaa.net at 2020-10-23 02:00:06.529637
Config  : ./finance.branderaa.net/private/backups/20201023_020005-finance_branderaa_net-site_config_backup.json 94.0B
Database: ./finance.branderaa.net/private/backups/20201023_020005-finance_branderaa_net-database.sql.gz 349.0KiB
Backup for Site finance.branderaa.net has been successfully completed
File is old
File is recent
File is recent
File is recent
File is recent
File is recent
File is recent
File is recent
Backup Summary for finance2.branderaa.net at 2020-10-23 02:00:08.411724
Config  : ./finance2.branderaa.net/private/backups/20201023_020006-finance2_branderaa_net-site_config_backup.json 182.0B
Database: ./finance2.branderaa.net/private/backups/20201023_020006-finance2_branderaa_net-database.sql.gz 1.5MiB
Backup for Site finance2.branderaa.net has been successfully completed
Backup Summary for finance.branderaa.net at 2020-10-23 08:00:06.094887
Config  : ./finance.branderaa.net/private/backups/20201023_080005-finance_branderaa_net-site_config_backup.json 94.0B
Database: ./finance.branderaa.net/private/backups/20201023_080005-finance_branderaa_net-database.sql.gz 356.8KiB
Backup for Site finance.branderaa.net has been successfully completed
File is old
File is recent
File is recent
File is recent
File is recent
File is recent
File is recent
File is recent
Backup Summary for finance2.branderaa.net at 2020-10-23 08:00:07.905702
Config  : ./finance2.branderaa.net/private/backups/20201023_080006-finance2_branderaa_net-site_config_backup.json 182.0B
Database: ./finance2.branderaa.net/private/backups/20201023_080006-finance2_branderaa_net-database.sql.gz 1.5MiB
Backup for Site finance2.branderaa.net has been successfully completed
Backup Summary for finance.branderaa.net at 2020-10-23 14:00:06.335103
Config  : ./finance.branderaa.net/private/backups/20201023_140005-finance_branderaa_net-site_config_backup.json 94.0B
Database: ./finance.branderaa.net/private/backups/20201023_140005-finance_branderaa_net-database.sql.gz 364.6KiB
Backup for Site finance.branderaa.net has been successfully completed
File is recent
File is recent
File is recent
File is old
File is recent
File is recent
File is recent
File is recent
Backup Summary for finance2.branderaa.net at 2020-10-23 14:00:08.523021
Config  : ./finance2.branderaa.net/private/backups/20201023_140006-finance2_branderaa_net-site_config_backup.json 182.0B
Database: ./finance2.branderaa.net/private/backups/20201023_140006-finance2_branderaa_net-database.sql.gz 1.5MiB
Backup for Site finance2.branderaa.net has been successfully completed
Backup Summary for finance.branderaa.net at 2020-10-23 20:00:06.060922
Config  : ./finance.branderaa.net/private/backups/20201023_200005-finance_branderaa_net-site_config_backup.json 94.0B
Database: ./finance.branderaa.net/private/backups/20201023_200005-finance_branderaa_net-database.sql.gz 372.3KiB
Backup for Site finance.branderaa.net has been successfully completed
File is recent
File is recent
File is recent
File is recent
File is recent
File is old
File is recent
File is recent
Backup Summary for finance2.branderaa.net at 2020-10-23 20:00:08.350626
Config  : ./finance2.branderaa.net/private/backups/20201023_200006-finance2_branderaa_net-site_config_backup.json 182.0B
Database: ./finance2.branderaa.net/private/backups/20201023_200006-finance2_branderaa_net-database.sql.gz 1.6MiB
Backup for Site finance2.branderaa.net has been successfully completed
Backup Summary for finance.branderaa.net at 2020-10-24 02:00:06.240497
Config  : ./finance.branderaa.net/private/backups/20201024_020005-finance_branderaa_net-site_config_backup.json 94.0B
Database: ./finance.branderaa.net/private/backups/20201024_020005-finance_branderaa_net-database.sql.gz 377.5KiB
Backup for Site finance.branderaa.net has been successfully completed
File is recent
File is recent
File is recent
File is recent
File is recent
File is old
File is recent
File is recent
Backup Summary for finance2.branderaa.net at 2020-10-24 02:00:08.060374
Config  : ./finance2.branderaa.net/private/backups/20201024_020006-finance2_branderaa_net-site_config_backup.json 182.0B
Database: ./finance2.branderaa.net/private/backups/20201024_020006-finance2_branderaa_net-database.sql.gz 1.6MiB
Backup for Site finance2.branderaa.net has been successfully completed
Backup Summary for finance.branderaa.net at 2020-10-24 08:00:05.689308
Config  : ./finance.branderaa.net/private/backups/20201024_080004-finance_branderaa_net-site_config_backup.json 94.0B
Database: ./finance.branderaa.net/private/backups/20201024_080004-finance_branderaa_net-database.sql.gz 377.5KiB
Backup for Site finance.branderaa.net has been successfully completed
File is recent
File is recent
File is old
File is recent
File is recent
File is recent
File is recent
File is recent
Backup Summary for finance2.branderaa.net at 2020-10-24 08:00:07.926062
Config  : ./finance2.branderaa.net/private/backups/20201024_080005-finance2_branderaa_net-site_config_backup.json 182.0B
Database: ./finance2.branderaa.net/private/backups/20201024_080005-finance2_branderaa_net-database.sql.gz 1.6MiB
Backup for Site finance2.branderaa.net has been successfully completed
Backup Summary for finance.branderaa.net at 2020-10-24 14:00:05.973774
Config  : ./finance.branderaa.net/private/backups/20201024_140004-finance_branderaa_net-site_config_backup.json 94.0B
Database: ./finance.branderaa.net/private/backups/20201024_140004-finance_branderaa_net-database.sql.gz 377.5KiB
Backup for Site finance.branderaa.net has been successfully completed
File is old
File is recent
File is recent
File is recent
File is recent
File is recent
File is recent
File is recent
Backup Summary for finance2.branderaa.net at 2020-10-24 14:00:07.743676
Config  : ./finance2.branderaa.net/private/backups/20201024_140005-finance2_branderaa_net-site_config_backup.json 182.0B
Database: ./finance2.branderaa.net/private/backups/20201024_140005-finance2_branderaa_net-database.sql.gz 1.7MiB
Backup for Site finance2.branderaa.net has been successfully completed
Backup Summary for finance.branderaa.net at 2020-10-24 20:00:06.376949
Config  : ./finance.branderaa.net/private/backups/20201024_200005-finance_branderaa_net-site_config_backup.json 94.0B
Database: ./finance.branderaa.net/private/backups/20201024_200005-finance_branderaa_net-database.sql.gz 377.5KiB
Backup for Site finance.branderaa.net has been successfully completed
File is recent
File is recent
File is recent
File is recent
File is old
File is recent
File is recent
File is recent
Backup Summary for finance2.branderaa.net at 2020-10-24 20:00:08.047792
Config  : ./finance2.branderaa.net/private/backups/20201024_200006-finance2_branderaa_net-site_config_backup.json 182.0B
Database: ./finance2.branderaa.net/private/backups/20201024_200006-finance2_branderaa_net-database.sql.gz 1.7MiB
Backup for Site finance2.branderaa.net has been successfully completed
Backup Summary for finance.branderaa.net at 2020-10-25 02:00:06.179456
Config  : ./finance.branderaa.net/private/backups/20201025_020005-finance_branderaa_net-site_config_backup.json 94.0B
Database: ./finance.branderaa.net/private/backups/20201025_020005-finance_branderaa_net-database.sql.gz 380.0KiB
Backup for Site finance.branderaa.net has been successfully completed
File is recent
File is recent
File is recent
File is recent
File is recent
File is recent
File is recent
File is old
Backup Summary for finance2.branderaa.net at 2020-10-25 02:00:07.876956
Config  : ./finance2.branderaa.net/private/backups/20201025_020006-finance2_branderaa_net-site_config_backup.json 182.0B
Database: ./finance2.branderaa.net/private/backups/20201025_020006-finance2_branderaa_net-database.sql.gz 1.7MiB
Backup for Site finance2.branderaa.net has been successfully completed
Backup Summary for finance.branderaa.net at 2020-10-25 08:00:05.626451
Config  : ./finance.branderaa.net/private/backups/20201025_080004-finance_branderaa_net-site_config_backup.json 94.0B
Database: ./finance.branderaa.net/private/backups/20201025_080004-finance_branderaa_net-database.sql.gz 380.0KiB
Backup for Site finance.branderaa.net has been successfully completed
File is recent
File is recent
File is recent
File is recent
File is recent
File is old
File is recent
File is recent
Backup Summary for finance2.branderaa.net at 2020-10-25 08:00:07.520218
Config  : ./finance2.branderaa.net/private/backups/20201025_080005-finance2_branderaa_net-site_config_backup.json 182.0B
Database: ./finance2.branderaa.net/private/backups/20201025_080005-finance2_branderaa_net-database.sql.gz 2.0MiB
Backup for Site finance2.branderaa.net has been successfully completed
Backup Summary for finance.branderaa.net at 2020-10-25 14:00:05.485965
Config  : ./finance.branderaa.net/private/backups/20201025_140004-finance_branderaa_net-site_config_backup.json 94.0B
Database: ./finance.branderaa.net/private/backups/20201025_140004-finance_branderaa_net-database.sql.gz 380.0KiB
Backup for Site finance.branderaa.net has been successfully completed
File is recent
File is recent
File is old
File is recent
File is recent
File is recent
File is recent
File is recent
Backup Summary for finance2.branderaa.net at 2020-10-25 14:00:07.455412
Config  : ./finance2.branderaa.net/private/backups/20201025_140005-finance2_branderaa_net-site_config_backup.json 182.0B
Database: ./finance2.branderaa.net/private/backups/20201025_140005-finance2_branderaa_net-database.sql.gz 2.1MiB
Backup for Site finance2.branderaa.net has been successfully completed
Backup Summary for finance.branderaa.net at 2020-10-25 20:00:06.328221
Config  : ./finance.branderaa.net/private/backups/20201025_200005-finance_branderaa_net-site_config_backup.json 94.0B
Database: ./finance.branderaa.net/private/backups/20201025_200005-finance_branderaa_net-database.sql.gz 380.0KiB
Backup for Site finance.branderaa.net has been successfully completed
File is recent
File is recent
File is recent
File is recent
File is recent
File is recent
File is recent
File is old
Backup Summary for finance2.branderaa.net at 2020-10-25 20:00:08.644985
Config  : ./finance2.branderaa.net/private/backups/20201025_200006-finance2_branderaa_net-site_config_backup.json 182.0B
Database: ./finance2.branderaa.net/private/backups/20201025_200006-finance2_branderaa_net-database.sql.gz 2.1MiB
Backup for Site finance2.branderaa.net has been successfully completed
Backup Summary for finance.branderaa.net at 2020-10-26 02:00:06.690684
Config  : ./finance.branderaa.net/private/backups/20201026_020005-finance_branderaa_net-site_config_backup.json 94.0B
Database: ./finance.branderaa.net/private/backups/20201026_020005-finance_branderaa_net-database.sql.gz 382.3KiB
Backup for Site finance.branderaa.net has been successfully completed
File is old
File is recent
File is recent
File is recent
File is recent
File is recent
File is recent
File is recent
Backup Summary for finance2.branderaa.net at 2020-10-26 02:00:09.096602
Config  : ./finance2.branderaa.net/private/backups/20201026_020006-finance2_branderaa_net-site_config_backup.json 182.0B
Database: ./finance2.branderaa.net/private/backups/20201026_020006-finance2_branderaa_net-database.sql.gz 2.2MiB
Backup for Site finance2.branderaa.net has been successfully completed
Backup Summary for finance.branderaa.net at 2020-10-26 08:00:05.886304
Config  : ./finance.branderaa.net/private/backups/20201026_080004-finance_branderaa_net-site_config_backup.json 94.0B
Database: ./finance.branderaa.net/private/backups/20201026_080004-finance_branderaa_net-database.sql.gz 382.3KiB
Backup for Site finance.branderaa.net has been successfully completed
File is recent
File is recent
File is recent
File is recent
File is recent
File is old
File is recent
File is recent
Backup Summary for finance2.branderaa.net at 2020-10-26 08:00:07.890276
Config  : ./finance2.branderaa.net/private/backups/20201026_080005-finance2_branderaa_net-site_config_backup.json 182.0B
Database: ./finance2.branderaa.net/private/backups/20201026_080005-finance2_branderaa_net-database.sql.gz 2.2MiB
Backup for Site finance2.branderaa.net has been successfully completed
Backup Summary for finance.branderaa.net at 2020-10-26 14:00:06.361406
Config  : ./finance.branderaa.net/private/backups/20201026_140005-finance_branderaa_net-site_config_backup.json 94.0B
Database: ./finance.branderaa.net/private/backups/20201026_140005-finance_branderaa_net-database.sql.gz 382.3KiB
Backup for Site finance.branderaa.net has been successfully completed
File is recent
File is recent
File is recent
File is recent
File is recent
File is old
File is recent
File is recent
Backup Summary for finance2.branderaa.net at 2020-10-26 14:00:08.794627
Config  : ./finance2.branderaa.net/private/backups/20201026_140006-finance2_branderaa_net-site_config_backup.json 182.0B
Database: ./finance2.branderaa.net/private/backups/20201026_140006-finance2_branderaa_net-database.sql.gz 2.2MiB
Backup for Site finance2.branderaa.net has been successfully completed
Backup Summary for finance.branderaa.net at 2020-10-26 20:00:06.430744
Config  : ./finance.branderaa.net/private/backups/20201026_200005-finance_branderaa_net-site_config_backup.json 94.0B
Database: ./finance.branderaa.net/private/backups/20201026_200005-finance_branderaa_net-database.sql.gz 382.3KiB
Backup for Site finance.branderaa.net has been successfully completed
File is recent
File is recent
File is recent
File is recent
File is old
File is recent
File is recent
File is recent
Backup Summary for finance2.branderaa.net at 2020-10-26 20:00:08.885861
Config  : ./finance2.branderaa.net/private/backups/20201026_200006-finance2_branderaa_net-site_config_backup.json 182.0B
Database: ./finance2.branderaa.net/private/backups/20201026_200006-finance2_branderaa_net-database.sql.gz 2.2MiB
Backup for Site finance2.branderaa.net has been successfully completed
Backup Summary for finance.branderaa.net at 2020-10-27 02:00:06.435543
Config  : ./finance.branderaa.net/private/backups/20201027_020004-finance_branderaa_net-site_config_backup.json 94.0B
Database: ./finance.branderaa.net/private/backups/20201027_020004-finance_branderaa_net-database.sql.gz 385.0KiB
Backup for Site finance.branderaa.net has been successfully completed
File is recent
File is recent
File is recent
File is old
File is recent
File is recent
File is recent
File is recent
Backup Summary for finance2.branderaa.net at 2020-10-27 02:00:10.127877
Config  : ./finance2.branderaa.net/private/backups/20201027_020006-finance2_branderaa_net-site_config_backup.json 182.0B
Database: ./finance2.branderaa.net/private/backups/20201027_020006-finance2_branderaa_net-database.sql.gz 2.3MiB
Backup for Site finance2.branderaa.net has been successfully completed
Backup Summary for finance.branderaa.net at 2020-10-27 08:00:05.890186
Config  : ./finance.branderaa.net/private/backups/20201027_080004-finance_branderaa_net-site_config_backup.json 94.0B
Database: ./finance.branderaa.net/private/backups/20201027_080004-finance_branderaa_net-database.sql.gz 385.0KiB
Backup for Site finance.branderaa.net has been successfully completed
File is recent
File is recent
File is recent
File is old
File is recent
File is recent
File is recent
File is recent
Backup Summary for finance2.branderaa.net at 2020-10-27 08:00:07.870102
Config  : ./finance2.branderaa.net/private/backups/20201027_080005-finance2_branderaa_net-site_config_backup.json 182.0B
Database: ./finance2.branderaa.net/private/backups/20201027_080005-finance2_branderaa_net-database.sql.gz 2.3MiB
Backup for Site finance2.branderaa.net has been successfully completed
Backup Summary for finance.branderaa.net at 2020-10-27 14:00:05.705925
Config  : ./finance.branderaa.net/private/backups/20201027_140004-finance_branderaa_net-site_config_backup.json 94.0B
Database: ./finance.branderaa.net/private/backups/20201027_140004-finance_branderaa_net-database.sql.gz 385.0KiB
Backup for Site finance.branderaa.net has been successfully completed
File is recent
File is recent
File is old
File is recent
File is recent
File is recent
File is recent
File is recent
Backup Summary for finance2.branderaa.net at 2020-10-27 14:00:07.688772
Config  : ./finance2.branderaa.net/private/backups/20201027_140005-finance2_branderaa_net-site_config_backup.json 182.0B
Database: ./finance2.branderaa.net/private/backups/20201027_140005-finance2_branderaa_net-database.sql.gz 2.3MiB
Backup for Site finance2.branderaa.net has been successfully completed
Backup Summary for finance.branderaa.net at 2020-10-27 20:00:06.268565
Config  : ./finance.branderaa.net/private/backups/20201027_200005-finance_branderaa_net-site_config_backup.json 94.0B
Database: ./finance.branderaa.net/private/backups/20201027_200005-finance_branderaa_net-database.sql.gz 385.0KiB
Backup for Site finance.branderaa.net has been successfully completed
File is old
File is recent
File is recent
File is recent
File is recent
File is recent
File is recent
File is recent
Backup Summary for finance2.branderaa.net at 2020-10-27 20:00:08.213986
Config  : ./finance2.branderaa.net/private/backups/20201027_200006-finance2_branderaa_net-site_config_backup.json 182.0B
Database: ./finance2.branderaa.net/private/backups/20201027_200006-finance2_branderaa_net-database.sql.gz 2.3MiB
Backup for Site finance2.branderaa.net has been successfully completed
Backup Summary for finance.branderaa.net at 2020-10-28 02:00:05.842144
Config  : ./finance.branderaa.net/private/backups/20201028_020004-finance_branderaa_net-site_config_backup.json 94.0B
Database: ./finance.branderaa.net/private/backups/20201028_020004-finance_branderaa_net-database.sql.gz 387.8KiB
Backup for Site finance.branderaa.net has been successfully completed
File is recent
File is old
File is recent
File is recent
File is recent
File is recent
File is recent
File is recent
Backup Summary for finance2.branderaa.net at 2020-10-28 02:00:07.800879
Config  : ./finance2.branderaa.net/private/backups/20201028_020005-finance2_branderaa_net-site_config_backup.json 182.0B
Database: ./finance2.branderaa.net/private/backups/20201028_020005-finance2_branderaa_net-database.sql.gz 2.3MiB
Backup for Site finance2.branderaa.net has been successfully completed
Backup Summary for finance.branderaa.net at 2020-10-28 08:00:06.250467
Config  : ./finance.branderaa.net/private/backups/20201028_080005-finance_branderaa_net-site_config_backup.json 94.0B
Database: ./finance.branderaa.net/private/backups/20201028_080005-finance_branderaa_net-database.sql.gz 387.8KiB
Backup for Site finance.branderaa.net has been successfully completed
File is recent
File is old
File is recent
File is recent
File is recent
File is recent
File is recent
File is recent
Backup Summary for finance2.branderaa.net at 2020-10-28 08:00:08.726985
Config  : ./finance2.branderaa.net/private/backups/20201028_080006-finance2_branderaa_net-site_config_backup.json 182.0B
Database: ./finance2.branderaa.net/private/backups/20201028_080006-finance2_branderaa_net-database.sql.gz 2.3MiB
Backup for Site finance2.branderaa.net has been successfully completed
Backup Summary for finance.branderaa.net at 2020-10-28 14:00:07.760312
Config  : ./finance.branderaa.net/private/backups/20201028_140006-finance_branderaa_net-site_config_backup.json 94.0B
Database: ./finance.branderaa.net/private/backups/20201028_140006-finance_branderaa_net-database.sql.gz 387.8KiB
Backup for Site finance.branderaa.net has been successfully completed
File is recent
File is recent
File is old
File is recent
File is recent
File is recent
File is recent
File is old
Backup Summary for finance2.branderaa.net at 2020-10-28 14:00:10.544780
Config  : ./finance2.branderaa.net/private/backups/20201028_140007-finance2_branderaa_net-site_config_backup.json 182.0B
Database: ./finance2.branderaa.net/private/backups/20201028_140007-finance2_branderaa_net-database.sql.gz 2.4MiB
Backup for Site finance2.branderaa.net has been successfully completed
Backup Summary for finance.branderaa.net at 2020-10-28 20:00:06.346693
Config  : ./finance.branderaa.net/private/backups/20201028_200005-finance_branderaa_net-site_config_backup.json 94.0B
Database: ./finance.branderaa.net/private/backups/20201028_200005-finance_branderaa_net-database.sql.gz 387.8KiB
Backup for Site finance.branderaa.net has been successfully completed
File is recent
File is recent
File is recent
File is recent
File is recent
File is recent
File is recent
Backup Summary for finance2.branderaa.net at 2020-10-28 20:00:08.522774
Config  : ./finance2.branderaa.net/private/backups/20201028_200006-finance2_branderaa_net-site_config_backup.json 182.0B
Database: ./finance2.branderaa.net/private/backups/20201028_200006-finance2_branderaa_net-database.sql.gz 2.4MiB
Backup for Site finance2.branderaa.net has been successfully completed
Backup Summary for finance.branderaa.net at 2020-10-29 02:00:06.374713
Config  : ./finance.branderaa.net/private/backups/20201029_020005-finance_branderaa_net-site_config_backup.json 94.0B
Database: ./finance.branderaa.net/private/backups/20201029_020005-finance_branderaa_net-database.sql.gz 390.1KiB
Backup for Site finance.branderaa.net has been successfully completed
File is recent
File is recent
File is recent
File is recent
File is recent
File is old
File is recent
File is recent
Backup Summary for finance2.branderaa.net at 2020-10-29 02:00:08.448891
Config  : ./finance2.branderaa.net/private/backups/20201029_020006-finance2_branderaa_net-site_config_backup.json 182.0B
Database: ./finance2.branderaa.net/private/backups/20201029_020006-finance2_branderaa_net-database.sql.gz 2.4MiB
Backup for Site finance2.branderaa.net has been successfully completed
Backup Summary for finance.branderaa.net at 2020-10-29 08:00:06.088441
Config  : ./finance.branderaa.net/private/backups/20201029_080005-finance_branderaa_net-site_config_backup.json 94.0B
Database: ./finance.branderaa.net/private/backups/20201029_080005-finance_branderaa_net-database.sql.gz 390.1KiB
Backup for Site finance.branderaa.net has been successfully completed
File is recent
File is old
File is recent
File is recent
File is recent
File is recent
File is recent
File is recent
Backup Summary for finance2.branderaa.net at 2020-10-29 08:00:08.137011
Config  : ./finance2.branderaa.net/private/backups/20201029_080006-finance2_branderaa_net-site_config_backup.json 182.0B
Database: ./finance2.branderaa.net/private/backups/20201029_080006-finance2_branderaa_net-database.sql.gz 2.4MiB
Backup for Site finance2.branderaa.net has been successfully completed
Backup Summary for finance.branderaa.net at 2020-10-29 14:00:06.333244
Config  : ./finance.branderaa.net/private/backups/20201029_140005-finance_branderaa_net-site_config_backup.json 94.0B
Database: ./finance.branderaa.net/private/backups/20201029_140005-finance_branderaa_net-database.sql.gz 390.1KiB
Backup for Site finance.branderaa.net has been successfully completed
File is recent
File is recent
File is recent
File is old
File is recent
File is recent
File is recent
File is recent
Backup Summary for finance2.branderaa.net at 2020-10-29 14:00:08.550002
Config  : ./finance2.branderaa.net/private/backups/20201029_140006-finance2_branderaa_net-site_config_backup.json 182.0B
Database: ./finance2.branderaa.net/private/backups/20201029_140006-finance2_branderaa_net-database.sql.gz 2.4MiB
Backup for Site finance2.branderaa.net has been successfully completed
Backup Summary for finance.branderaa.net at 2020-10-29 20:00:06.335475
Config  : ./finance.branderaa.net/private/backups/20201029_200005-finance_branderaa_net-site_config_backup.json 94.0B
Database: ./finance.branderaa.net/private/backups/20201029_200005-finance_branderaa_net-database.sql.gz 390.1KiB
Backup for Site finance.branderaa.net has been successfully completed
File is recent
File is recent
File is recent
File is recent
File is recent
File is recent
File is recent
File is old
Backup Summary for finance2.branderaa.net at 2020-10-29 20:00:08.645969
Config  : ./finance2.branderaa.net/private/backups/20201029_200006-finance2_branderaa_net-site_config_backup.json 182.0B
Database: ./finance2.branderaa.net/private/backups/20201029_200006-finance2_branderaa_net-database.sql.gz 2.4MiB
Backup for Site finance2.branderaa.net has been successfully completed
Backup Summary for finance.branderaa.net at 2020-10-30 02:00:07.272337
Config  : ./finance.branderaa.net/private/backups/20201030_020005-finance_branderaa_net-site_config_backup.json 94.0B
Database: ./finance.branderaa.net/private/backups/20201030_020005-finance_branderaa_net-database.sql.gz 391.7KiB
Backup for Site finance.branderaa.net has been successfully completed
File is recent
File is recent
File is recent
File is recent
File is recent
File is recent
File is recent
File is old
Backup Summary for finance2.branderaa.net at 2020-10-30 02:00:10.217914
Config  : ./finance2.branderaa.net/private/backups/20201030_020007-finance2_branderaa_net-site_config_backup.json 182.0B
Database: ./finance2.branderaa.net/private/backups/20201030_020007-finance2_branderaa_net-database.sql.gz 2.5MiB
Backup for Site finance2.branderaa.net has been successfully completed
Backup Summary for finance.branderaa.net at 2020-10-30 08:00:06.436303
Config  : ./finance.branderaa.net/private/backups/20201030_080005-finance_branderaa_net-site_config_backup.json 94.0B
Database: ./finance.branderaa.net/private/backups/20201030_080005-finance_branderaa_net-database.sql.gz 391.7KiB
Backup for Site finance.branderaa.net has been successfully completed
File is recent
File is recent
File is recent
File is recent
File is recent
File is recent
File is old
File is recent
Backup Summary for finance2.branderaa.net at 2020-10-30 08:00:08.804736
Config  : ./finance2.branderaa.net/private/backups/20201030_080006-finance2_branderaa_net-site_config_backup.json 182.0B
Database: ./finance2.branderaa.net/private/backups/20201030_080006-finance2_branderaa_net-database.sql.gz 2.5MiB
Backup for Site finance2.branderaa.net has been successfully completed
Backup Summary for finance.branderaa.net at 2020-10-30 14:00:05.933023
Config  : ./finance.branderaa.net/private/backups/20201030_140005-finance_branderaa_net-site_config_backup.json 94.0B
Database: ./finance.branderaa.net/private/backups/20201030_140005-finance_branderaa_net-database.sql.gz 391.7KiB
Backup for Site finance.branderaa.net has been successfully completed
File is recent
File is recent
File is old
File is recent
File is recent
File is recent
File is recent
File is recent
Backup Summary for finance2.branderaa.net at 2020-10-30 14:00:08.419550
Config  : ./finance2.branderaa.net/private/backups/20201030_140005-finance2_branderaa_net-site_config_backup.json 182.0B
Database: ./finance2.branderaa.net/private/backups/20201030_140005-finance2_branderaa_net-database.sql.gz 2.5MiB
Backup for Site finance2.branderaa.net has been successfully completed
Backup Summary for finance.branderaa.net at 2020-10-30 20:00:06.702408
Config  : ./finance.branderaa.net/private/backups/20201030_200005-finance_branderaa_net-site_config_backup.json 94.0B
Database: ./finance.branderaa.net/private/backups/20201030_200005-finance_branderaa_net-database.sql.gz 391.7KiB
Backup for Site finance.branderaa.net has been successfully completed
File is recent
File is recent
File is recent
File is recent
File is recent
File is recent
File is old
File is recent
Backup Summary for finance2.branderaa.net at 2020-10-30 20:00:10.805834
Config  : ./finance2.branderaa.net/private/backups/20201030_200006-finance2_branderaa_net-site_config_backup.json 182.0B
Database: ./finance2.branderaa.net/private/backups/20201030_200006-finance2_branderaa_net-database.sql.gz 2.5MiB
Backup for Site finance2.branderaa.net has been successfully completed
Backup Summary for finance.branderaa.net at 2020-10-31 02:00:05.746719
Config  : ./finance.branderaa.net/private/backups/20201031_020004-finance_branderaa_net-site_config_backup.json 94.0B
Database: ./finance.branderaa.net/private/backups/20201031_020004-finance_branderaa_net-database.sql.gz 394.0KiB
Backup for Site finance.branderaa.net has been successfully completed
File is recent
File is recent
File is recent
File is recent
File is recent
File is recent
File is recent
File is old
Backup Summary for finance2.branderaa.net at 2020-10-31 02:00:08.077749
Config  : ./finance2.branderaa.net/private/backups/20201031_020005-finance2_branderaa_net-site_config_backup.json 182.0B
Database: ./finance2.branderaa.net/private/backups/20201031_020005-finance2_branderaa_net-database.sql.gz 2.6MiB
Backup for Site finance2.branderaa.net has been successfully completed
Backup Summary for finance.branderaa.net at 2020-10-31 08:00:05.564464
Config  : ./finance.branderaa.net/private/backups/20201031_080004-finance_branderaa_net-site_config_backup.json 94.0B
Database: ./finance.branderaa.net/private/backups/20201031_080004-finance_branderaa_net-database.sql.gz 394.0KiB
Backup for Site finance.branderaa.net has been successfully completed
File is recent
File is recent
File is recent
File is old
File is recent
File is recent
File is recent
File is recent
Backup Summary for finance2.branderaa.net at 2020-10-31 08:00:07.956282
Config  : ./finance2.branderaa.net/private/backups/20201031_080005-finance2_branderaa_net-site_config_backup.json 182.0B
Database: ./finance2.branderaa.net/private/backups/20201031_080005-finance2_branderaa_net-database.sql.gz 2.6MiB
Backup for Site finance2.branderaa.net has been successfully completed
Backup Summary for finance.branderaa.net at 2020-10-31 14:00:05.728346
Config  : ./finance.branderaa.net/private/backups/20201031_140004-finance_branderaa_net-site_config_backup.json 94.0B
Database: ./finance.branderaa.net/private/backups/20201031_140004-finance_branderaa_net-database.sql.gz 394.0KiB
Backup for Site finance.branderaa.net has been successfully completed
File is recent
File is recent
File is old
File is recent
File is recent
File is recent
File is recent
File is recent
Backup Summary for finance2.branderaa.net at 2020-10-31 14:00:07.733948
Config  : ./finance2.branderaa.net/private/backups/20201031_140005-finance2_branderaa_net-site_config_backup.json 182.0B
Database: ./finance2.branderaa.net/private/backups/20201031_140005-finance2_branderaa_net-database.sql.gz 2.6MiB
Backup for Site finance2.branderaa.net has been successfully completed
Backup Summary for finance.branderaa.net at 2020-10-31 20:00:06.398650
Config  : ./finance.branderaa.net/private/backups/20201031_200005-finance_branderaa_net-site_config_backup.json 94.0B
Database: ./finance.branderaa.net/private/backups/20201031_200005-finance_branderaa_net-database.sql.gz 394.0KiB
Backup for Site finance.branderaa.net has been successfully completed
File is recent
File is old
File is recent
File is recent
File is recent
File is recent
File is recent
File is recent
Backup Summary for finance2.branderaa.net at 2020-10-31 20:00:08.748917
Config  : ./finance2.branderaa.net/private/backups/20201031_200006-finance2_branderaa_net-site_config_backup.json 182.0B
Database: ./finance2.branderaa.net/private/backups/20201031_200006-finance2_branderaa_net-database.sql.gz 2.6MiB
Backup for Site finance2.branderaa.net has been successfully completed
Backup Summary for finance.branderaa.net at 2020-11-01 02:00:06.446058
Config  : ./finance.branderaa.net/private/backups/20201101_020005-finance_branderaa_net-site_config_backup.json 94.0B
Database: ./finance.branderaa.net/private/backups/20201101_020005-finance_branderaa_net-database.sql.gz 396.0KiB
Backup for Site finance.branderaa.net has been successfully completed
File is recent
File is recent
File is recent
File is recent
File is old
File is recent
File is recent
File is recent
Backup Summary for finance2.branderaa.net at 2020-11-01 02:00:09.445146
Config  : ./finance2.branderaa.net/private/backups/20201101_020006-finance2_branderaa_net-site_config_backup.json 182.0B
Database: ./finance2.branderaa.net/private/backups/20201101_020006-finance2_branderaa_net-database.sql.gz 2.7MiB
Backup for Site finance2.branderaa.net has been successfully completed
Backup Summary for finance.branderaa.net at 2020-11-01 08:00:05.881578
Config  : ./finance.branderaa.net/private/backups/20201101_080004-finance_branderaa_net-site_config_backup.json 94.0B
Database: ./finance.branderaa.net/private/backups/20201101_080004-finance_branderaa_net-database.sql.gz 396.0KiB
Backup for Site finance.branderaa.net has been successfully completed
File is recent
File is recent
File is recent
File is recent
File is recent
File is recent
File is old
File is recent
Backup Summary for finance2.branderaa.net at 2020-11-01 08:00:08.012574
Config  : ./finance2.branderaa.net/private/backups/20201101_080005-finance2_branderaa_net-site_config_backup.json 182.0B
Database: ./finance2.branderaa.net/private/backups/20201101_080005-finance2_branderaa_net-database.sql.gz 2.8MiB
Backup for Site finance2.branderaa.net has been successfully completed
Backup Summary for finance.branderaa.net at 2020-11-01 14:00:05.401471
Config  : ./finance.branderaa.net/private/backups/20201101_140004-finance_branderaa_net-site_config_backup.json 94.0B
Database: ./finance.branderaa.net/private/backups/20201101_140004-finance_branderaa_net-database.sql.gz 396.0KiB
Backup for Site finance.branderaa.net has been successfully completed
File is old
File is recent
File is recent
File is recent
File is recent
File is recent
File is recent
File is recent
Backup Summary for finance2.branderaa.net at 2020-11-01 14:00:07.887531
Config  : ./finance2.branderaa.net/private/backups/20201101_140005-finance2_branderaa_net-site_config_backup.json 182.0B
Database: ./finance2.branderaa.net/private/backups/20201101_140005-finance2_branderaa_net-database.sql.gz 2.8MiB
Backup for Site finance2.branderaa.net has been successfully completed
Backup Summary for finance.branderaa.net at 2020-11-01 20:00:05.654535
Config  : ./finance.branderaa.net/private/backups/20201101_200004-finance_branderaa_net-site_config_backup.json 94.0B
Database: ./finance.branderaa.net/private/backups/20201101_200004-finance_branderaa_net-database.sql.gz 396.0KiB
Backup for Site finance.branderaa.net has been successfully completed
File is recent
File is recent
File is old
File is recent
File is recent
File is recent
File is recent
File is recent
Backup Summary for finance2.branderaa.net at 2020-11-01 20:00:07.939809
Config  : ./finance2.branderaa.net/private/backups/20201101_200005-finance2_branderaa_net-site_config_backup.json 182.0B
Database: ./finance2.branderaa.net/private/backups/20201101_200005-finance2_branderaa_net-database.sql.gz 3.1MiB
Backup for Site finance2.branderaa.net has been successfully completed
Backup Summary for finance.branderaa.net at 2020-11-02 02:00:05.657351
Config  : ./finance.branderaa.net/private/backups/20201102_020004-finance_branderaa_net-site_config_backup.json 94.0B
Database: ./finance.branderaa.net/private/backups/20201102_020004-finance_branderaa_net-database.sql.gz 399.0KiB
Backup for Site finance.branderaa.net has been successfully completed
File is old
File is recent
File is recent
File is recent
File is recent
File is recent
File is recent
File is recent
Backup Summary for finance2.branderaa.net at 2020-11-02 02:00:08.288546
Config  : ./finance2.branderaa.net/private/backups/20201102_020005-finance2_branderaa_net-site_config_backup.json 182.0B
Database: ./finance2.branderaa.net/private/backups/20201102_020005-finance2_branderaa_net-database.sql.gz 3.1MiB
Backup for Site finance2.branderaa.net has been successfully completed
Backup Summary for finance.branderaa.net at 2020-11-02 08:00:05.607664
Config  : ./finance.branderaa.net/private/backups/20201102_080004-finance_branderaa_net-site_config_backup.json 94.0B
Database: ./finance.branderaa.net/private/backups/20201102_080004-finance_branderaa_net-database.sql.gz 399.0KiB
Backup for Site finance.branderaa.net has been successfully completed
File is recent
File is recent
File is recent
File is recent
File is recent
File is old
File is recent
File is recent
Backup Summary for finance2.branderaa.net at 2020-11-02 08:00:08.326977
Config  : ./finance2.branderaa.net/private/backups/20201102_080005-finance2_branderaa_net-site_config_backup.json 182.0B
Database: ./finance2.branderaa.net/private/backups/20201102_080005-finance2_branderaa_net-database.sql.gz 3.2MiB
Backup for Site finance2.branderaa.net has been successfully completed
Backup Summary for finance.branderaa.net at 2020-11-02 14:00:05.848267
Config  : ./finance.branderaa.net/private/backups/20201102_140004-finance_branderaa_net-site_config_backup.json 94.0B
Database: ./finance.branderaa.net/private/backups/20201102_140004-finance_branderaa_net-database.sql.gz 399.0KiB
Backup for Site finance.branderaa.net has been successfully completed
File is recent
File is old
File is recent
File is recent
File is recent
File is recent
File is recent
File is recent
Backup Summary for finance2.branderaa.net at 2020-11-02 14:00:09.016635
Config  : ./finance2.branderaa.net/private/backups/20201102_140005-finance2_branderaa_net-site_config_backup.json 182.0B
Database: ./finance2.branderaa.net/private/backups/20201102_140005-finance2_branderaa_net-database.sql.gz 3.3MiB
Backup for Site finance2.branderaa.net has been successfully completed
Backup Summary for finance.branderaa.net at 2020-11-02 20:00:05.564143
Config  : ./finance.branderaa.net/private/backups/20201102_200004-finance_branderaa_net-site_config_backup.json 94.0B
Database: ./finance.branderaa.net/private/backups/20201102_200004-finance_branderaa_net-database.sql.gz 399.0KiB
Backup for Site finance.branderaa.net has been successfully completed
File is recent
File is recent
File is recent
File is recent
File is recent
File is old
File is recent
File is recent
Backup Summary for finance2.branderaa.net at 2020-11-02 20:00:08.216256
Config  : ./finance2.branderaa.net/private/backups/20201102_200005-finance2_branderaa_net-site_config_backup.json 182.0B
Database: ./finance2.branderaa.net/private/backups/20201102_200005-finance2_branderaa_net-database.sql.gz 3.3MiB
Backup for Site finance2.branderaa.net has been successfully completed
Backup Summary for finance.branderaa.net at 2020-11-03 02:00:05.919842
Config  : ./finance.branderaa.net/private/backups/20201103_020005-finance_branderaa_net-site_config_backup.json 94.0B
Database: ./finance.branderaa.net/private/backups/20201103_020005-finance_branderaa_net-database.sql.gz 401.4KiB
Backup for Site finance.branderaa.net has been successfully completed
File is recent
File is recent
File is recent
File is old
File is recent
File is recent
File is recent
File is recent
Backup Summary for finance2.branderaa.net at 2020-11-03 02:00:08.309382
Config  : ./finance2.branderaa.net/private/backups/20201103_020005-finance2_branderaa_net-site_config_backup.json 182.0B
Database: ./finance2.branderaa.net/private/backups/20201103_020005-finance2_branderaa_net-database.sql.gz 3.3MiB
Backup for Site finance2.branderaa.net has been successfully completed
Backup Summary for finance.branderaa.net at 2020-11-03 08:00:05.853367
Config  : ./finance.branderaa.net/private/backups/20201103_080004-finance_branderaa_net-site_config_backup.json 94.0B
Database: ./finance.branderaa.net/private/backups/20201103_080004-finance_branderaa_net-database.sql.gz 401.4KiB
Backup for Site finance.branderaa.net has been successfully completed
File is recent
File is recent
File is recent
File is recent
File is old
File is recent
File is recent
File is recent
Backup Summary for finance2.branderaa.net at 2020-11-03 08:00:08.162068
Config  : ./finance2.branderaa.net/private/backups/20201103_080005-finance2_branderaa_net-site_config_backup.json 182.0B
Database: ./finance2.branderaa.net/private/backups/20201103_080005-finance2_branderaa_net-database.sql.gz 3.3MiB
Backup for Site finance2.branderaa.net has been successfully completed
Backup Summary for finance.branderaa.net at 2020-11-03 14:00:05.393497
Config  : ./finance.branderaa.net/private/backups/20201103_140004-finance_branderaa_net-site_config_backup.json 94.0B
Database: ./finance.branderaa.net/private/backups/20201103_140004-finance_branderaa_net-database.sql.gz 401.4KiB
Backup for Site finance.branderaa.net has been successfully completed
File is recent
File is recent
File is recent
File is old
File is recent
File is recent
File is recent
File is recent
Backup Summary for finance2.branderaa.net at 2020-11-03 14:00:07.806429
Config  : ./finance2.branderaa.net/private/backups/20201103_140005-finance2_branderaa_net-site_config_backup.json 182.0B
Database: ./finance2.branderaa.net/private/backups/20201103_140005-finance2_branderaa_net-database.sql.gz 3.3MiB
Backup for Site finance2.branderaa.net has been successfully completed
Backup Summary for finance.branderaa.net at 2020-11-03 20:00:06.619742
Config  : ./finance.branderaa.net/private/backups/20201103_200005-finance_branderaa_net-site_config_backup.json 94.0B
Database: ./finance.branderaa.net/private/backups/20201103_200005-finance_branderaa_net-database.sql.gz 401.4KiB
Backup for Site finance.branderaa.net has been successfully completed
File is old
File is recent
File is recent
File is recent
File is recent
File is recent
File is recent
File is recent
Backup Summary for finance2.branderaa.net at 2020-11-03 20:00:08.863557
Config  : ./finance2.branderaa.net/private/backups/20201103_200006-finance2_branderaa_net-site_config_backup.json 182.0B
Database: ./finance2.branderaa.net/private/backups/20201103_200006-finance2_branderaa_net-database.sql.gz 3.4MiB
Backup for Site finance2.branderaa.net has been successfully completed
Backup Summary for finance.branderaa.net at 2020-11-04 02:00:06.338488
Config  : ./finance.branderaa.net/private/backups/20201104_020004-finance_branderaa_net-site_config_backup.json 94.0B
Database: ./finance.branderaa.net/private/backups/20201104_020004-finance_branderaa_net-database.sql.gz 403.9KiB
Backup for Site finance.branderaa.net has been successfully completed
File is recent
File is recent
File is recent
File is recent
File is old
File is recent
File is recent
File is recent
Backup Summary for finance2.branderaa.net at 2020-11-04 02:00:09.390266
Config  : ./finance2.branderaa.net/private/backups/20201104_020006-finance2_branderaa_net-site_config_backup.json 182.0B
Database: ./finance2.branderaa.net/private/backups/20201104_020006-finance2_branderaa_net-database.sql.gz 3.4MiB
Backup for Site finance2.branderaa.net has been successfully completed
Backup Summary for finance.branderaa.net at 2020-11-04 08:00:05.812048
Config  : ./finance.branderaa.net/private/backups/20201104_080004-finance_branderaa_net-site_config_backup.json 94.0B
Database: ./finance.branderaa.net/private/backups/20201104_080004-finance_branderaa_net-database.sql.gz 403.9KiB
Backup for Site finance.branderaa.net has been successfully completed
File is recent
File is recent
File is recent
File is recent
File is old
File is recent
File is recent
File is recent
Backup Summary for finance2.branderaa.net at 2020-11-04 08:00:08.328179
Config  : ./finance2.branderaa.net/private/backups/20201104_080005-finance2_branderaa_net-site_config_backup.json 182.0B
Database: ./finance2.branderaa.net/private/backups/20201104_080005-finance2_branderaa_net-database.sql.gz 3.4MiB
Backup for Site finance2.branderaa.net has been successfully completed
Backup Summary for finance.branderaa.net at 2020-11-04 14:00:06.357014
Config  : ./finance.branderaa.net/private/backups/20201104_140005-finance_branderaa_net-site_config_backup.json 94.0B
Database: ./finance.branderaa.net/private/backups/20201104_140005-finance_branderaa_net-database.sql.gz 403.9KiB
Backup for Site finance.branderaa.net has been successfully completed
File is recent
File is recent
File is recent
File is old
File is recent
File is recent
File is recent
File is recent
Backup Summary for finance2.branderaa.net at 2020-11-04 14:00:08.732751
Config  : ./finance2.branderaa.net/private/backups/20201104_140006-finance2_branderaa_net-site_config_backup.json 182.0B
Database: ./finance2.branderaa.net/private/backups/20201104_140006-finance2_branderaa_net-database.sql.gz 3.4MiB
Backup for Site finance2.branderaa.net has been successfully completed
Backup Summary for finance.branderaa.net at 2020-11-04 20:00:06.163909
Config  : ./finance.branderaa.net/private/backups/20201104_200005-finance_branderaa_net-site_config_backup.json 94.0B
Database: ./finance.branderaa.net/private/backups/20201104_200005-finance_branderaa_net-database.sql.gz 403.9KiB
Backup for Site finance.branderaa.net has been successfully completed
File is recent
File is recent
File is recent
File is recent
File is recent
File is recent
File is old
File is recent
Backup Summary for finance2.branderaa.net at 2020-11-04 20:00:08.784942
Config  : ./finance2.branderaa.net/private/backups/20201104_200006-finance2_branderaa_net-site_config_backup.json 182.0B
Database: ./finance2.branderaa.net/private/backups/20201104_200006-finance2_branderaa_net-database.sql.gz 3.4MiB
Backup for Site finance2.branderaa.net has been successfully completed
Backup Summary for finance.branderaa.net at 2020-11-05 02:00:06.654653
Config  : ./finance.branderaa.net/private/backups/20201105_020005-finance_branderaa_net-site_config_backup.json 94.0B
Database: ./finance.branderaa.net/private/backups/20201105_020005-finance_branderaa_net-database.sql.gz 406.0KiB
Backup for Site finance.branderaa.net has been successfully completed
File is recent
File is recent
File is recent
File is old
File is recent
File is recent
File is recent
File is recent
Backup Summary for finance2.branderaa.net at 2020-11-05 02:00:09.203776
Config  : ./finance2.branderaa.net/private/backups/20201105_020006-finance2_branderaa_net-site_config_backup.json 182.0B
Database: ./finance2.branderaa.net/private/backups/20201105_020006-finance2_branderaa_net-database.sql.gz 3.4MiB
Backup for Site finance2.branderaa.net has been successfully completed
Backup Summary for finance.branderaa.net at 2020-11-05 08:00:06.047203
Config  : ./finance.branderaa.net/private/backups/20201105_080004-finance_branderaa_net-site_config_backup.json 94.0B
Database: ./finance.branderaa.net/private/backups/20201105_080004-finance_branderaa_net-database.sql.gz 406.0KiB
Backup for Site finance.branderaa.net has been successfully completed
File is recent
File is recent
File is recent
File is old
File is recent
File is recent
File is recent
File is recent
Backup Summary for finance2.branderaa.net at 2020-11-05 08:00:08.642398
Config  : ./finance2.branderaa.net/private/backups/20201105_080006-finance2_branderaa_net-site_config_backup.json 182.0B
Database: ./finance2.branderaa.net/private/backups/20201105_080006-finance2_branderaa_net-database.sql.gz 3.5MiB
Backup for Site finance2.branderaa.net has been successfully completed
Backup Summary for finance.branderaa.net at 2020-11-05 14:00:06.505670
Config  : ./finance.branderaa.net/private/backups/20201105_140005-finance_branderaa_net-site_config_backup.json 94.0B
Database: ./finance.branderaa.net/private/backups/20201105_140005-finance_branderaa_net-database.sql.gz 406.0KiB
Backup for Site finance.branderaa.net has been successfully completed
File is old
File is recent
File is recent
File is recent
File is recent
File is recent
File is recent
File is recent
Backup Summary for finance2.branderaa.net at 2020-11-05 14:00:09.341451
Config  : ./finance2.branderaa.net/private/backups/20201105_140006-finance2_branderaa_net-site_config_backup.json 182.0B
Database: ./finance2.branderaa.net/private/backups/20201105_140006-finance2_branderaa_net-database.sql.gz 3.5MiB
Backup for Site finance2.branderaa.net has been successfully completed
Backup Summary for finance.branderaa.net at 2020-11-05 20:00:06.231462
Config  : ./finance.branderaa.net/private/backups/20201105_200005-finance_branderaa_net-site_config_backup.json 94.0B
Database: ./finance.branderaa.net/private/backups/20201105_200005-finance_branderaa_net-database.sql.gz 406.0KiB
Backup for Site finance.branderaa.net has been successfully completed
File is recent
File is old
File is recent
File is recent
File is recent
File is recent
File is recent
File is recent
Backup Summary for finance2.branderaa.net at 2020-11-05 20:00:09.097048
Config  : ./finance2.branderaa.net/private/backups/20201105_200006-finance2_branderaa_net-site_config_backup.json 182.0B
Database: ./finance2.branderaa.net/private/backups/20201105_200006-finance2_branderaa_net-database.sql.gz 3.5MiB
Backup for Site finance2.branderaa.net has been successfully completed
Backup Summary for finance.branderaa.net at 2020-11-06 02:00:06.529571
Config  : ./finance.branderaa.net/private/backups/20201106_020005-finance_branderaa_net-site_config_backup.json 94.0B
Database: ./finance.branderaa.net/private/backups/20201106_020005-finance_branderaa_net-database.sql.gz 408.3KiB
Backup for Site finance.branderaa.net has been successfully completed
File is recent
File is recent
File is recent
File is recent
File is recent
File is recent
File is recent
File is old
Backup Summary for finance2.branderaa.net at 2020-11-06 02:00:09.196249
Config  : ./finance2.branderaa.net/private/backups/20201106_020006-finance2_branderaa_net-site_config_backup.json 182.0B
Database: ./finance2.branderaa.net/private/backups/20201106_020006-finance2_branderaa_net-database.sql.gz 3.5MiB
Backup for Site finance2.branderaa.net has been successfully completed
Backup Summary for finance.branderaa.net at 2020-11-06 08:00:06.583365
Config  : ./finance.branderaa.net/private/backups/20201106_080005-finance_branderaa_net-site_config_backup.json 94.0B
Database: ./finance.branderaa.net/private/backups/20201106_080005-finance_branderaa_net-database.sql.gz 408.3KiB
Backup for Site finance.branderaa.net has been successfully completed
File is recent
File is recent
File is recent
File is recent
File is old
File is recent
File is recent
File is recent
Backup Summary for finance2.branderaa.net at 2020-11-06 08:00:10.027595
Config  : ./finance2.branderaa.net/private/backups/20201106_080006-finance2_branderaa_net-site_config_backup.json 182.0B
Database: ./finance2.branderaa.net/private/backups/20201106_080006-finance2_branderaa_net-database.sql.gz 3.5MiB
Backup for Site finance2.branderaa.net has been successfully completed
Backup Summary for finance.branderaa.net at 2020-11-06 14:00:07.293079
Config  : ./finance.branderaa.net/private/backups/20201106_140005-finance_branderaa_net-site_config_backup.json 94.0B
Database: ./finance.branderaa.net/private/backups/20201106_140005-finance_branderaa_net-database.sql.gz 408.3KiB
Backup for Site finance.branderaa.net has been successfully completed
File is recent
File is recent
File is recent
File is recent
File is recent
File is old
File is recent
File is recent
Backup Summary for finance2.branderaa.net at 2020-11-06 14:00:10.714522
Config  : ./finance2.branderaa.net/private/backups/20201106_140007-finance2_branderaa_net-site_config_backup.json 182.0B
Database: ./finance2.branderaa.net/private/backups/20201106_140007-finance2_branderaa_net-database.sql.gz 3.5MiB
Backup for Site finance2.branderaa.net has been successfully completed
Backup Summary for finance.branderaa.net at 2020-11-06 20:00:07.633454
Config  : ./finance.branderaa.net/private/backups/20201106_200006-finance_branderaa_net-site_config_backup.json 94.0B
Database: ./finance.branderaa.net/private/backups/20201106_200006-finance_branderaa_net-database.sql.gz 408.3KiB
Backup for Site finance.branderaa.net has been successfully completed
File is recent
File is recent
File is recent
File is recent
File is old
File is recent
File is recent
File is recent
Backup Summary for finance2.branderaa.net at 2020-11-06 20:00:11.120814
Config  : ./finance2.branderaa.net/private/backups/20201106_200007-finance2_branderaa_net-site_config_backup.json 182.0B
Database: ./finance2.branderaa.net/private/backups/20201106_200007-finance2_branderaa_net-database.sql.gz 3.6MiB
Backup for Site finance2.branderaa.net has been successfully completed
Backup Summary for finance.branderaa.net at 2020-11-07 02:00:07.320621
Config  : ./finance.branderaa.net/private/backups/20201107_020005-finance_branderaa_net-site_config_backup.json 94.0B
Database: ./finance.branderaa.net/private/backups/20201107_020005-finance_branderaa_net-database.sql.gz 410.3KiB
Backup for Site finance.branderaa.net has been successfully completed
File is recent
File is recent
File is recent
File is old
File is recent
File is recent
File is recent
File is recent
Backup Summary for finance2.branderaa.net at 2020-11-07 02:00:10.830210
Config  : ./finance2.branderaa.net/private/backups/20201107_020007-finance2_branderaa_net-site_config_backup.json 182.0B
Database: ./finance2.branderaa.net/private/backups/20201107_020007-finance2_branderaa_net-database.sql.gz 3.6MiB
Backup for Site finance2.branderaa.net has been successfully completed
Backup Summary for finance.branderaa.net at 2020-11-07 08:00:05.750233
Config  : ./finance.branderaa.net/private/backups/20201107_080004-finance_branderaa_net-site_config_backup.json 94.0B
Database: ./finance.branderaa.net/private/backups/20201107_080004-finance_branderaa_net-database.sql.gz 410.3KiB
Backup for Site finance.branderaa.net has been successfully completed
File is recent
File is recent
File is recent
File is old
File is recent
File is recent
File is recent
File is recent
Backup Summary for finance2.branderaa.net at 2020-11-07 08:00:08.467718
Config  : ./finance2.branderaa.net/private/backups/20201107_080005-finance2_branderaa_net-site_config_backup.json 182.0B
Database: ./finance2.branderaa.net/private/backups/20201107_080005-finance2_branderaa_net-database.sql.gz 3.6MiB
Backup for Site finance2.branderaa.net has been successfully completed
Backup Summary for finance.branderaa.net at 2020-11-07 14:00:06.963959
Config  : ./finance.branderaa.net/private/backups/20201107_140005-finance_branderaa_net-site_config_backup.json 94.0B
Database: ./finance.branderaa.net/private/backups/20201107_140005-finance_branderaa_net-database.sql.gz 410.3KiB
Backup for Site finance.branderaa.net has been successfully completed
File is old
File is recent
File is recent
File is recent
File is recent
File is recent
File is recent
File is recent
Backup Summary for finance2.branderaa.net at 2020-11-07 14:00:09.671608
Config  : ./finance2.branderaa.net/private/backups/20201107_140006-finance2_branderaa_net-site_config_backup.json 182.0B
Database: ./finance2.branderaa.net/private/backups/20201107_140006-finance2_branderaa_net-database.sql.gz 3.6MiB
Backup for Site finance2.branderaa.net has been successfully completed
Backup Summary for finance.branderaa.net at 2020-11-07 20:00:06.482510
Config  : ./finance.branderaa.net/private/backups/20201107_200005-finance_branderaa_net-site_config_backup.json 94.0B
Database: ./finance.branderaa.net/private/backups/20201107_200005-finance_branderaa_net-database.sql.gz 410.3KiB
Backup for Site finance.branderaa.net has been successfully completed
File is recent
File is recent
File is recent
File is recent
File is recent
File is recent
File is old
File is recent
Backup Summary for finance2.branderaa.net at 2020-11-07 20:00:08.971444
Config  : ./finance2.branderaa.net/private/backups/20201107_200006-finance2_branderaa_net-site_config_backup.json 182.0B
Database: ./finance2.branderaa.net/private/backups/20201107_200006-finance2_branderaa_net-database.sql.gz 3.6MiB
Backup for Site finance2.branderaa.net has been successfully completed
Backup Summary for finance.branderaa.net at 2020-11-08 02:00:06.374327
Config  : ./finance.branderaa.net/private/backups/20201108_020005-finance_branderaa_net-site_config_backup.json 94.0B
Database: ./finance.branderaa.net/private/backups/20201108_020005-finance_branderaa_net-database.sql.gz 412.4KiB
Backup for Site finance.branderaa.net has been successfully completed
File is recent
File is recent
File is old
File is recent
File is recent
File is recent
File is recent
File is recent
Backup Summary for finance2.branderaa.net at 2020-11-08 02:00:08.888783
Config  : ./finance2.branderaa.net/private/backups/20201108_020006-finance2_branderaa_net-site_config_backup.json 182.0B
Database: ./finance2.branderaa.net/private/backups/20201108_020006-finance2_branderaa_net-database.sql.gz 3.6MiB
Backup for Site finance2.branderaa.net has been successfully completed
Backup Summary for finance.branderaa.net at 2020-11-08 08:00:05.860962
Config  : ./finance.branderaa.net/private/backups/20201108_080004-finance_branderaa_net-site_config_backup.json 94.0B
Database: ./finance.branderaa.net/private/backups/20201108_080004-finance_branderaa_net-database.sql.gz 412.4KiB
Backup for Site finance.branderaa.net has been successfully completed
File is recent
File is old
File is recent
File is recent
File is recent
File is recent
File is recent
File is recent
Backup Summary for finance2.branderaa.net at 2020-11-08 08:00:08.642347
Config  : ./finance2.branderaa.net/private/backups/20201108_080005-finance2_branderaa_net-site_config_backup.json 182.0B
Database: ./finance2.branderaa.net/private/backups/20201108_080005-finance2_branderaa_net-database.sql.gz 3.6MiB
Backup for Site finance2.branderaa.net has been successfully completed
Backup Summary for finance.branderaa.net at 2020-11-08 14:00:05.971908
Config  : ./finance.branderaa.net/private/backups/20201108_140004-finance_branderaa_net-site_config_backup.json 94.0B
Database: ./finance.branderaa.net/private/backups/20201108_140004-finance_branderaa_net-database.sql.gz 412.4KiB
Backup for Site finance.branderaa.net has been successfully completed
File is recent
File is recent
File is old
File is recent
File is recent
File is recent
File is recent
File is recent
Backup Summary for finance2.branderaa.net at 2020-11-08 14:00:08.414589
Config  : ./finance2.branderaa.net/private/backups/20201108_140005-finance2_branderaa_net-site_config_backup.json 182.0B
Database: ./finance2.branderaa.net/private/backups/20201108_140005-finance2_branderaa_net-database.sql.gz 3.6MiB
Backup for Site finance2.branderaa.net has been successfully completed
Backup Summary for finance.branderaa.net at 2020-11-08 20:00:06.252140
Config  : ./finance.branderaa.net/private/backups/20201108_200005-finance_branderaa_net-site_config_backup.json 94.0B
Database: ./finance.branderaa.net/private/backups/20201108_200005-finance_branderaa_net-database.sql.gz 412.4KiB
Backup for Site finance.branderaa.net has been successfully completed
File is recent
File is recent
File is recent
File is old
File is recent
File is recent
File is recent
File is recent
Backup Summary for finance2.branderaa.net at 2020-11-08 20:00:08.868736
Config  : ./finance2.branderaa.net/private/backups/20201108_200006-finance2_branderaa_net-site_config_backup.json 182.0B
Database: ./finance2.branderaa.net/private/backups/20201108_200006-finance2_branderaa_net-database.sql.gz 3.7MiB
Backup for Site finance2.branderaa.net has been successfully completed
Backup Summary for finance.branderaa.net at 2020-11-09 02:00:06.122204
Config  : ./finance.branderaa.net/private/backups/20201109_020005-finance_branderaa_net-site_config_backup.json 94.0B
Database: ./finance.branderaa.net/private/backups/20201109_020005-finance_branderaa_net-database.sql.gz 415.0KiB
Backup for Site finance.branderaa.net has been successfully completed
File is recent
File is recent
File is recent
File is recent
File is recent
File is recent
File is recent
File is old
Backup Summary for finance2.branderaa.net at 2020-11-09 02:00:09.271681
Config  : ./finance2.branderaa.net/private/backups/20201109_020006-finance2_branderaa_net-site_config_backup.json 182.0B
Database: ./finance2.branderaa.net/private/backups/20201109_020006-finance2_branderaa_net-database.sql.gz 3.7MiB
Backup for Site finance2.branderaa.net has been successfully completed
Backup Summary for finance.branderaa.net at 2020-11-09 08:00:06.227279
Config  : ./finance.branderaa.net/private/backups/20201109_080005-finance_branderaa_net-site_config_backup.json 94.0B
Database: ./finance.branderaa.net/private/backups/20201109_080005-finance_branderaa_net-database.sql.gz 415.0KiB
Backup for Site finance.branderaa.net has been successfully completed
File is old
File is recent
File is recent
File is recent
File is recent
File is recent
File is recent
File is recent
Backup Summary for finance2.branderaa.net at 2020-11-09 08:00:08.782484
Config  : ./finance2.branderaa.net/private/backups/20201109_080006-finance2_branderaa_net-site_config_backup.json 182.0B
Database: ./finance2.branderaa.net/private/backups/20201109_080006-finance2_branderaa_net-database.sql.gz 3.7MiB
Backup for Site finance2.branderaa.net has been successfully completed
Backup Summary for finance.branderaa.net at 2020-11-09 14:00:05.925167
Config  : ./finance.branderaa.net/private/backups/20201109_140004-finance_branderaa_net-site_config_backup.json 94.0B
Database: ./finance.branderaa.net/private/backups/20201109_140004-finance_branderaa_net-database.sql.gz 415.0KiB
Backup for Site finance.branderaa.net has been successfully completed
File is recent
File is recent
File is old
File is recent
File is recent
File is recent
File is recent
File is recent
Backup Summary for finance2.branderaa.net at 2020-11-09 14:00:08.878107
Config  : ./finance2.branderaa.net/private/backups/20201109_140005-finance2_branderaa_net-site_config_backup.json 182.0B
Database: ./finance2.branderaa.net/private/backups/20201109_140005-finance2_branderaa_net-database.sql.gz 3.7MiB
Backup for Site finance2.branderaa.net has been successfully completed
Backup Summary for finance.branderaa.net at 2020-11-09 20:00:05.873328
Config  : ./finance.branderaa.net/private/backups/20201109_200004-finance_branderaa_net-site_config_backup.json 94.0B
Database: ./finance.branderaa.net/private/backups/20201109_200004-finance_branderaa_net-database.sql.gz 415.0KiB
Backup for Site finance.branderaa.net has been successfully completed
File is recent
File is recent
File is recent
File is recent
File is recent
File is old
File is recent
File is recent
Backup Summary for finance2.branderaa.net at 2020-11-09 20:00:08.398374
Config  : ./finance2.branderaa.net/private/backups/20201109_200005-finance2_branderaa_net-site_config_backup.json 182.0B
Database: ./finance2.branderaa.net/private/backups/20201109_200005-finance2_branderaa_net-database.sql.gz 3.7MiB
Backup for Site finance2.branderaa.net has been successfully completed
Backup Summary for finance.branderaa.net at 2020-11-10 02:00:06.689369
Config  : ./finance.branderaa.net/private/backups/20201110_020005-finance_branderaa_net-site_config_backup.json 94.0B
Database: ./finance.branderaa.net/private/backups/20201110_020005-finance_branderaa_net-database.sql.gz 417.1KiB
Backup for Site finance.branderaa.net has been successfully completed
File is recent
File is recent
File is recent
File is recent
File is recent
File is recent
File is recent
File is old
Backup Summary for finance2.branderaa.net at 2020-11-10 02:00:09.577539
Config  : ./finance2.branderaa.net/private/backups/20201110_020006-finance2_branderaa_net-site_config_backup.json 182.0B
Database: ./finance2.branderaa.net/private/backups/20201110_020006-finance2_branderaa_net-database.sql.gz 3.7MiB
Backup for Site finance2.branderaa.net has been successfully completed
Backup Summary for finance.branderaa.net at 2020-11-10 08:00:06.528476
Config  : ./finance.branderaa.net/private/backups/20201110_080005-finance_branderaa_net-site_config_backup.json 94.0B
Database: ./finance.branderaa.net/private/backups/20201110_080005-finance_branderaa_net-database.sql.gz 417.1KiB
Backup for Site finance.branderaa.net has been successfully completed
File is recent
File is old
File is recent
File is recent
File is recent
File is recent
File is recent
File is recent
Backup Summary for finance2.branderaa.net at 2020-11-10 08:00:09.172227
Config  : ./finance2.branderaa.net/private/backups/20201110_080006-finance2_branderaa_net-site_config_backup.json 182.0B
Database: ./finance2.branderaa.net/private/backups/20201110_080006-finance2_branderaa_net-database.sql.gz 3.7MiB
Backup for Site finance2.branderaa.net has been successfully completed
Backup Summary for finance.branderaa.net at 2020-11-10 14:00:06.163379
Config  : ./finance.branderaa.net/private/backups/20201110_140005-finance_branderaa_net-site_config_backup.json 94.0B
Database: ./finance.branderaa.net/private/backups/20201110_140005-finance_branderaa_net-database.sql.gz 417.1KiB
Backup for Site finance.branderaa.net has been successfully completed
File is recent
File is recent
File is recent
File is recent
File is old
File is recent
File is recent
File is recent
Backup Summary for finance2.branderaa.net at 2020-11-10 14:00:08.958295
Config  : ./finance2.branderaa.net/private/backups/20201110_140006-finance2_branderaa_net-site_config_backup.json 182.0B
Database: ./finance2.branderaa.net/private/backups/20201110_140006-finance2_branderaa_net-database.sql.gz 3.7MiB
Backup for Site finance2.branderaa.net has been successfully completed
Backup Summary for finance.branderaa.net at 2020-11-10 20:00:05.603836
Config  : ./finance.branderaa.net/private/backups/20201110_200004-finance_branderaa_net-site_config_backup.json 94.0B
Database: ./finance.branderaa.net/private/backups/20201110_200004-finance_branderaa_net-database.sql.gz 417.1KiB
Backup for Site finance.branderaa.net has been successfully completed
File is recent
File is recent
File is recent
File is old
File is recent
File is recent
File is recent
File is recent
Backup Summary for finance2.branderaa.net at 2020-11-10 20:00:08.316456
Config  : ./finance2.branderaa.net/private/backups/20201110_200005-finance2_branderaa_net-site_config_backup.json 182.0B
Database: ./finance2.branderaa.net/private/backups/20201110_200005-finance2_branderaa_net-database.sql.gz 3.8MiB
Backup for Site finance2.branderaa.net has been successfully completed
Backup Summary for finance.branderaa.net at 2020-11-11 02:00:06.533350
Config  : ./finance.branderaa.net/private/backups/20201111_020005-finance_branderaa_net-site_config_backup.json 94.0B
Database: ./finance.branderaa.net/private/backups/20201111_020005-finance_branderaa_net-database.sql.gz 418.7KiB
Backup for Site finance.branderaa.net has been successfully completed
File is recent
File is recent
File is recent
File is recent
File is recent
File is recent
File is old
File is recent
Backup Summary for finance2.branderaa.net at 2020-11-11 02:00:09.172508
Config  : ./finance2.branderaa.net/private/backups/20201111_020006-finance2_branderaa_net-site_config_backup.json 182.0B
Database: ./finance2.branderaa.net/private/backups/20201111_020006-finance2_branderaa_net-database.sql.gz 3.8MiB
Backup for Site finance2.branderaa.net has been successfully completed
Backup Summary for finance.branderaa.net at 2020-11-11 08:00:06.309496
Config  : ./finance.branderaa.net/private/backups/20201111_080005-finance_branderaa_net-site_config_backup.json 94.0B
Database: ./finance.branderaa.net/private/backups/20201111_080005-finance_branderaa_net-database.sql.gz 418.7KiB
Backup for Site finance.branderaa.net has been successfully completed
File is recent
File is old
File is recent
File is recent
File is recent
File is recent
File is recent
File is recent
Backup Summary for finance2.branderaa.net at 2020-11-11 08:00:09.735363
Config  : ./finance2.branderaa.net/private/backups/20201111_080006-finance2_branderaa_net-site_config_backup.json 182.0B
Database: ./finance2.branderaa.net/private/backups/20201111_080006-finance2_branderaa_net-database.sql.gz 3.8MiB
Backup for Site finance2.branderaa.net has been successfully completed
Backup Summary for finance.branderaa.net at 2020-11-11 14:00:06.076108
Config  : ./finance.branderaa.net/private/backups/20201111_140004-finance_branderaa_net-site_config_backup.json 94.0B
Database: ./finance.branderaa.net/private/backups/20201111_140004-finance_branderaa_net-database.sql.gz 418.7KiB
Backup for Site finance.branderaa.net has been successfully completed
File is recent
File is recent
File is recent
File is recent
File is recent
File is recent
File is old
File is recent
Backup Summary for finance2.branderaa.net at 2020-11-11 14:00:09.411771
Config  : ./finance2.branderaa.net/private/backups/20201111_140006-finance2_branderaa_net-site_config_backup.json 182.0B
Database: ./finance2.branderaa.net/private/backups/20201111_140006-finance2_branderaa_net-database.sql.gz 3.8MiB
Backup for Site finance2.branderaa.net has been successfully completed
Backup Summary for finance.branderaa.net at 2020-11-11 20:00:06.984999
Config  : ./finance.branderaa.net/private/backups/20201111_200005-finance_branderaa_net-site_config_backup.json 94.0B
Database: ./finance.branderaa.net/private/backups/20201111_200005-finance_branderaa_net-database.sql.gz 418.7KiB
Backup for Site finance.branderaa.net has been successfully completed
File is old
File is recent
File is recent
File is recent
File is recent
File is recent
File is recent
File is recent
Backup Summary for finance2.branderaa.net at 2020-11-11 20:00:10.421485
Config  : ./finance2.branderaa.net/private/backups/20201111_200006-finance2_branderaa_net-site_config_backup.json 182.0B
Database: ./finance2.branderaa.net/private/backups/20201111_200006-finance2_branderaa_net-database.sql.gz 3.8MiB
Backup for Site finance2.branderaa.net has been successfully completed
Backup Summary for finance.branderaa.net at 2020-11-12 02:00:07.294402
Config  : ./finance.branderaa.net/private/backups/20201112_020005-finance_branderaa_net-site_config_backup.json 94.0B
Database: ./finance.branderaa.net/private/backups/20201112_020005-finance_branderaa_net-database.sql.gz 421.3KiB
Backup for Site finance.branderaa.net has been successfully completed
File is recent
File is recent
File is old
File is recent
File is recent
File is recent
File is recent
File is recent
Backup Summary for finance2.branderaa.net at 2020-11-12 02:00:10.724813
Config  : ./finance2.branderaa.net/private/backups/20201112_020007-finance2_branderaa_net-site_config_backup.json 182.0B
Database: ./finance2.branderaa.net/private/backups/20201112_020007-finance2_branderaa_net-database.sql.gz 3.8MiB
Backup for Site finance2.branderaa.net has been successfully completed
Backup Summary for finance.branderaa.net at 2020-11-12 08:00:07.133431
Config  : ./finance.branderaa.net/private/backups/20201112_080005-finance_branderaa_net-site_config_backup.json 94.0B
Database: ./finance.branderaa.net/private/backups/20201112_080005-finance_branderaa_net-database.sql.gz 421.3KiB
Backup for Site finance.branderaa.net has been successfully completed
File is recent
File is recent
File is recent
File is recent
File is recent
File is old
File is recent
File is recent
Backup Summary for finance2.branderaa.net at 2020-11-12 08:00:10.503497
Config  : ./finance2.branderaa.net/private/backups/20201112_080007-finance2_branderaa_net-site_config_backup.json 182.0B
Database: ./finance2.branderaa.net/private/backups/20201112_080007-finance2_branderaa_net-database.sql.gz 3.8MiB
Backup for Site finance2.branderaa.net has been successfully completed
Backup Summary for finance.branderaa.net at 2020-11-12 14:00:07.063287
Config  : ./finance.branderaa.net/private/backups/20201112_140005-finance_branderaa_net-site_config_backup.json 94.0B
Database: ./finance.branderaa.net/private/backups/20201112_140005-finance_branderaa_net-database.sql.gz 421.3KiB
Backup for Site finance.branderaa.net has been successfully completed
File is recent
File is recent
File is recent
File is recent
File is old
File is recent
File is recent
File is recent
Backup Summary for finance2.branderaa.net at 2020-11-12 14:00:10.683005
Config  : ./finance2.branderaa.net/private/backups/20201112_140007-finance2_branderaa_net-site_config_backup.json 182.0B
Database: ./finance2.branderaa.net/private/backups/20201112_140007-finance2_branderaa_net-database.sql.gz 3.9MiB
Backup for Site finance2.branderaa.net has been successfully completed
Backup Summary for finance.branderaa.net at 2020-11-12 20:00:07.193661
Config  : ./finance.branderaa.net/private/backups/20201112_200005-finance_branderaa_net-site_config_backup.json 94.0B
Database: ./finance.branderaa.net/private/backups/20201112_200005-finance_branderaa_net-database.sql.gz 421.3KiB
Backup for Site finance.branderaa.net has been successfully completed
File is recent
File is recent
File is recent
File is recent
File is recent
File is recent
File is old
File is recent
Backup Summary for finance2.branderaa.net at 2020-11-12 20:00:10.956963
Config  : ./finance2.branderaa.net/private/backups/20201112_200007-finance2_branderaa_net-site_config_backup.json 182.0B
Database: ./finance2.branderaa.net/private/backups/20201112_200007-finance2_branderaa_net-database.sql.gz 3.9MiB
Backup for Site finance2.branderaa.net has been successfully completed
Backup Summary for finance.branderaa.net at 2020-11-13 02:00:06.414761
Config  : ./finance.branderaa.net/private/backups/20201113_020005-finance_branderaa_net-site_config_backup.json 94.0B
Database: ./finance.branderaa.net/private/backups/20201113_020005-finance_branderaa_net-database.sql.gz 423.9KiB
Backup for Site finance.branderaa.net has been successfully completed
File is recent
File is recent
File is recent
File is recent
File is recent
File is recent
File is recent
File is old
Backup Summary for finance2.branderaa.net at 2020-11-13 02:00:09.775128
Config  : ./finance2.branderaa.net/private/backups/20201113_020006-finance2_branderaa_net-site_config_backup.json 182.0B
Database: ./finance2.branderaa.net/private/backups/20201113_020006-finance2_branderaa_net-database.sql.gz 3.9MiB
Backup for Site finance2.branderaa.net has been successfully completed
Backup Summary for finance.branderaa.net at 2020-11-13 08:00:07.483767
Config  : ./finance.branderaa.net/private/backups/20201113_080005-finance_branderaa_net-site_config_backup.json 94.0B
Database: ./finance.branderaa.net/private/backups/20201113_080005-finance_branderaa_net-database.sql.gz 423.9KiB
Backup for Site finance.branderaa.net has been successfully completed
File is recent
File is recent
File is recent
File is recent
File is old
File is recent
File is recent
File is recent
Backup Summary for finance2.branderaa.net at 2020-11-13 08:00:11.007444
Config  : ./finance2.branderaa.net/private/backups/20201113_080007-finance2_branderaa_net-site_config_backup.json 182.0B
Database: ./finance2.branderaa.net/private/backups/20201113_080007-finance2_branderaa_net-database.sql.gz 3.9MiB
Backup for Site finance2.branderaa.net has been successfully completed
Backup Summary for finance.branderaa.net at 2020-11-13 14:00:06.590977
Config  : ./finance.branderaa.net/private/backups/20201113_140005-finance_branderaa_net-site_config_backup.json 94.0B
Database: ./finance.branderaa.net/private/backups/20201113_140005-finance_branderaa_net-database.sql.gz 423.9KiB
Backup for Site finance.branderaa.net has been successfully completed
File is recent
File is recent
File is recent
File is old
File is recent
File is recent
File is recent
File is recent
Backup Summary for finance2.branderaa.net at 2020-11-13 14:00:10.494249
Config  : ./finance2.branderaa.net/private/backups/20201113_140006-finance2_branderaa_net-site_config_backup.json 182.0B
Database: ./finance2.branderaa.net/private/backups/20201113_140006-finance2_branderaa_net-database.sql.gz 3.9MiB
Backup for Site finance2.branderaa.net has been successfully completed
Backup Summary for finance.branderaa.net at 2020-11-13 20:00:06.424088
Config  : ./finance.branderaa.net/private/backups/20201113_200005-finance_branderaa_net-site_config_backup.json 94.0B
Database: ./finance.branderaa.net/private/backups/20201113_200005-finance_branderaa_net-database.sql.gz 423.9KiB
Backup for Site finance.branderaa.net has been successfully completed
File is recent
File is recent
File is recent
File is recent
File is recent
File is old
File is recent
File is recent
Backup Summary for finance2.branderaa.net at 2020-11-13 20:00:09.174080
Config  : ./finance2.branderaa.net/private/backups/20201113_200006-finance2_branderaa_net-site_config_backup.json 182.0B
Database: ./finance2.branderaa.net/private/backups/20201113_200006-finance2_branderaa_net-database.sql.gz 3.9MiB
Backup for Site finance2.branderaa.net has been successfully completed
Backup Summary for finance.branderaa.net at 2020-11-14 02:00:06.572897
Config  : ./finance.branderaa.net/private/backups/20201114_020005-finance_branderaa_net-site_config_backup.json 94.0B
Database: ./finance.branderaa.net/private/backups/20201114_020005-finance_branderaa_net-database.sql.gz 426.0KiB
Backup for Site finance.branderaa.net has been successfully completed
File is recent
File is recent
File is recent
File is recent
File is recent
File is recent
File is old
File is recent
Backup Summary for finance2.branderaa.net at 2020-11-14 02:00:09.200132
Config  : ./finance2.branderaa.net/private/backups/20201114_020006-finance2_branderaa_net-site_config_backup.json 182.0B
Database: ./finance2.branderaa.net/private/backups/20201114_020006-finance2_branderaa_net-database.sql.gz 3.9MiB
Backup for Site finance2.branderaa.net has been successfully completed
Backup Summary for finance.branderaa.net at 2020-11-14 08:00:06.384489
Config  : ./finance.branderaa.net/private/backups/20201114_080005-finance_branderaa_net-site_config_backup.json 94.0B
Database: ./finance.branderaa.net/private/backups/20201114_080005-finance_branderaa_net-database.sql.gz 426.0KiB
Backup for Site finance.branderaa.net has been successfully completed
File is recent
File is recent
File is recent
File is recent
File is recent
File is recent
File is old
File is recent
Backup Summary for finance2.branderaa.net at 2020-11-14 08:00:09.039705
Config  : ./finance2.branderaa.net/private/backups/20201114_080006-finance2_branderaa_net-site_config_backup.json 182.0B
Database: ./finance2.branderaa.net/private/backups/20201114_080006-finance2_branderaa_net-database.sql.gz 3.9MiB
Backup for Site finance2.branderaa.net has been successfully completed
Backup Summary for finance.branderaa.net at 2020-11-14 14:00:05.948955
Config  : ./finance.branderaa.net/private/backups/20201114_140004-finance_branderaa_net-site_config_backup.json 94.0B
Database: ./finance.branderaa.net/private/backups/20201114_140004-finance_branderaa_net-database.sql.gz 426.0KiB
Backup for Site finance.branderaa.net has been successfully completed
File is recent
File is recent
File is old
File is recent
File is recent
File is recent
File is recent
File is recent
Backup Summary for finance2.branderaa.net at 2020-11-14 14:00:09.148307
Config  : ./finance2.branderaa.net/private/backups/20201114_140005-finance2_branderaa_net-site_config_backup.json 182.0B
Database: ./finance2.branderaa.net/private/backups/20201114_140005-finance2_branderaa_net-database.sql.gz 4.0MiB
Backup for Site finance2.branderaa.net has been successfully completed
Backup Summary for finance.branderaa.net at 2020-11-14 20:00:06.109664
Config  : ./finance.branderaa.net/private/backups/20201114_200005-finance_branderaa_net-site_config_backup.json 94.0B
Database: ./finance.branderaa.net/private/backups/20201114_200005-finance_branderaa_net-database.sql.gz 426.0KiB
Backup for Site finance.branderaa.net has been successfully completed
File is recent
File is recent
File is old
File is recent
File is recent
File is recent
File is recent
File is recent
Backup Summary for finance2.branderaa.net at 2020-11-14 20:00:09.172367
Config  : ./finance2.branderaa.net/private/backups/20201114_200006-finance2_branderaa_net-site_config_backup.json 182.0B
Database: ./finance2.branderaa.net/private/backups/20201114_200006-finance2_branderaa_net-database.sql.gz 4.0MiB
Backup for Site finance2.branderaa.net has been successfully completed
Backup Summary for finance.branderaa.net at 2020-11-15 02:00:06.727801
Config  : ./finance.branderaa.net/private/backups/20201115_020005-finance_branderaa_net-site_config_backup.json 94.0B
Database: ./finance.branderaa.net/private/backups/20201115_020005-finance_branderaa_net-database.sql.gz 428.3KiB
Backup for Site finance.branderaa.net has been successfully completed
File is recent
File is old
File is recent
File is recent
File is recent
File is recent
File is recent
File is recent
Backup Summary for finance2.branderaa.net at 2020-11-15 02:00:09.461753
Config  : ./finance2.branderaa.net/private/backups/20201115_020006-finance2_branderaa_net-site_config_backup.json 182.0B
Database: ./finance2.branderaa.net/private/backups/20201115_020006-finance2_branderaa_net-database.sql.gz 4.0MiB
Backup for Site finance2.branderaa.net has been successfully completed
Backup Summary for finance.branderaa.net at 2020-11-15 08:00:06.707991
Config  : ./finance.branderaa.net/private/backups/20201115_080005-finance_branderaa_net-site_config_backup.json 94.0B
Database: ./finance.branderaa.net/private/backups/20201115_080005-finance_branderaa_net-database.sql.gz 428.3KiB
Backup for Site finance.branderaa.net has been successfully completed
File is old
File is recent
File is recent
File is recent
File is recent
File is recent
File is recent
File is recent
Backup Summary for finance2.branderaa.net at 2020-11-15 08:00:09.348043
Config  : ./finance2.branderaa.net/private/backups/20201115_080006-finance2_branderaa_net-site_config_backup.json 182.0B
Database: ./finance2.branderaa.net/private/backups/20201115_080006-finance2_branderaa_net-database.sql.gz 4.0MiB
Backup for Site finance2.branderaa.net has been successfully completed
Backup Summary for finance.branderaa.net at 2020-11-15 14:00:06.824466
Config  : ./finance.branderaa.net/private/backups/20201115_140005-finance_branderaa_net-site_config_backup.json 94.0B
Database: ./finance.branderaa.net/private/backups/20201115_140005-finance_branderaa_net-database.sql.gz 428.3KiB
Backup for Site finance.branderaa.net has been successfully completed
File is recent
File is recent
File is recent
File is recent
File is old
File is recent
File is recent
File is recent
Backup Summary for finance2.branderaa.net at 2020-11-15 14:00:09.428725
Config  : ./finance2.branderaa.net/private/backups/20201115_140006-finance2_branderaa_net-site_config_backup.json 182.0B
Database: ./finance2.branderaa.net/private/backups/20201115_140006-finance2_branderaa_net-database.sql.gz 4.0MiB
Backup for Site finance2.branderaa.net has been successfully completed
Backup Summary for finance.branderaa.net at 2020-11-15 20:00:06.396896
Config  : ./finance.branderaa.net/private/backups/20201115_200005-finance_branderaa_net-site_config_backup.json 94.0B
Database: ./finance.branderaa.net/private/backups/20201115_200005-finance_branderaa_net-database.sql.gz 428.3KiB
Backup for Site finance.branderaa.net has been successfully completed
File is recent
File is recent
File is recent
File is recent
File is recent
File is recent
File is old
File is recent
Backup Summary for finance2.branderaa.net at 2020-11-15 20:00:09.178528
Config  : ./finance2.branderaa.net/private/backups/20201115_200006-finance2_branderaa_net-site_config_backup.json 182.0B
Database: ./finance2.branderaa.net/private/backups/20201115_200006-finance2_branderaa_net-database.sql.gz 4.0MiB
Backup for Site finance2.branderaa.net has been successfully completed
Backup Summary for finance.branderaa.net at 2020-11-16 02:00:06.583114
Config  : ./finance.branderaa.net/private/backups/20201116_020005-finance_branderaa_net-site_config_backup.json 94.0B
Database: ./finance.branderaa.net/private/backups/20201116_020005-finance_branderaa_net-database.sql.gz 430.7KiB
Backup for Site finance.branderaa.net has been successfully completed
File is recent
File is recent
File is recent
File is old
File is recent
File is recent
File is recent
File is recent
File is recent
Backup Summary for finance2.branderaa.net at 2020-11-16 02:00:09.202590
Config  : ./finance2.branderaa.net/private/backups/20201116_020006-finance2_branderaa_net-site_config_backup.json 182.0B
Database: ./finance2.branderaa.net/private/backups/20201116_020006-finance2_branderaa_net-database.sql.gz 4.0MiB
Backup for Site finance2.branderaa.net has been successfully completed
Backup Summary for finance.branderaa.net at 2020-11-16 08:00:06.144462
Config  : ./finance.branderaa.net/private/backups/20201116_080005-finance_branderaa_net-site_config_backup.json 94.0B
Database: ./finance.branderaa.net/private/backups/20201116_080005-finance_branderaa_net-database.sql.gz 430.7KiB
Backup for Site finance.branderaa.net has been successfully completed
File is recent
File is recent
File is recent
File is old
File is recent
File is old
File is recent
File is recent
File is recent
File is recent
Backup Summary for finance2.branderaa.net at 2020-11-16 08:00:08.849917
Config  : ./finance2.branderaa.net/private/backups/20201116_080006-finance2_branderaa_net-site_config_backup.json 182.0B
Database: ./finance2.branderaa.net/private/backups/20201116_080006-finance2_branderaa_net-database.sql.gz 4.0MiB
Backup for Site finance2.branderaa.net has been successfully completed
Backup Summary for finance.branderaa.net at 2020-11-16 14:00:06.690792
Config  : ./finance.branderaa.net/private/backups/20201116_140005-finance_branderaa_net-site_config_backup.json 94.0B
Database: ./finance.branderaa.net/private/backups/20201116_140005-finance_branderaa_net-database.sql.gz 430.7KiB
Backup for Site finance.branderaa.net has been successfully completed
File is old
File is recent
File is recent
File is old
File is recent
File is recent
File is recent
File is recent
File is recent
File is recent
Backup Summary for finance2.branderaa.net at 2020-11-16 14:00:09.312659
Config  : ./finance2.branderaa.net/private/backups/20201116_140006-finance2_branderaa_net-site_config_backup.json 182.0B
Database: ./finance2.branderaa.net/private/backups/20201116_140006-finance2_branderaa_net-database.sql.gz 4.0MiB
Backup for Site finance2.branderaa.net has been successfully completed
Backup Summary for finance.branderaa.net at 2020-11-16 20:00:06.473204
Config  : ./finance.branderaa.net/private/backups/20201116_200005-finance_branderaa_net-site_config_backup.json 94.0B
Database: ./finance.branderaa.net/private/backups/20201116_200005-finance_branderaa_net-database.sql.gz 430.7KiB
Backup for Site finance.branderaa.net has been successfully completed
File is recent
File is recent
File is recent
File is recent
File is old
File is recent
File is recent
File is recent
Backup Summary for finance2.branderaa.net at 2020-11-16 20:00:09.111295
Config  : ./finance2.branderaa.net/private/backups/20201116_200006-finance2_branderaa_net-site_config_backup.json 182.0B
Database: ./finance2.branderaa.net/private/backups/20201116_200006-finance2_branderaa_net-database.sql.gz 4.0MiB
Backup for Site finance2.branderaa.net has been successfully completed
